<?xml version="1.0" encoding="UTF-8" ?>
<testsuites name="vitest tests" tests="10" failures="0" errors="0" time="0.042308874">
    <testsuite name="test/angular-tenancy.spec.ts" timestamp="2026-05-19T05:11:32.424Z" hostname="thiamat-1903.local" tests="9" failures="0" errors="0" skipped="0" time="0.038580916">
        <testcase classname="test/angular-tenancy.spec.ts" name="@stynx-web/angular-tenancy &gt; provides tenancy options, browser window fallback, initializer, and interceptor providers" time="0.002974541">
        </testcase>
        <testcase classname="test/angular-tenancy.spec.ts" name="@stynx-web/angular-tenancy &gt; provides default tenancy options" time="0.000218">
        </testcase>
        <testcase classname="test/angular-tenancy.spec.ts" name="@stynx-web/angular-tenancy &gt; initializes tenants from query, subdomain, default resolver, and clear" time="0.022220833">
        </testcase>
        <testcase classname="test/angular-tenancy.spec.ts" name="@stynx-web/angular-tenancy &gt; normalizes URL and host edge cases before using the default resolver" time="0.003188292">
        </testcase>
        <testcase classname="test/angular-tenancy.spec.ts" name="@stynx-web/angular-tenancy &gt; leaves tenant unset when no source resolves and supports manual source default" time="0.001422875">
        </testcase>
        <testcase classname="test/angular-tenancy.spec.ts" name="@stynx-web/angular-tenancy &gt; adds X-Tenant-Id from the current tenant context" time="0.002548167">
        </testcase>
        <testcase classname="test/angular-tenancy.spec.ts" name="@stynx-web/angular-tenancy &gt; does not override an existing tenant header" time="0.001521">
        </testcase>
        <testcase classname="test/angular-tenancy.spec.ts" name="@stynx-web/angular-tenancy &gt; tenant switcher ignores empty selections and emits manual tenant changes" time="0.000675125">
        </testcase>
        <testcase classname="test/angular-tenancy.spec.ts" name="@stynx-web/angular-tenancy &gt; constructs the tenant switcher in an injection context" time="0.000216583">
        </testcase>
    </testsuite>
    <testsuite name="test/provide-tenancy.node.spec.ts" timestamp="2026-05-19T05:11:32.462Z" hostname="thiamat-1903.local" tests="1" failures="0" errors="0" skipped="0" time="0.003727958">
        <testcase classname="test/provide-tenancy.node.spec.ts" name="provideTenancy SSR window provider &gt; returns null when no browser window is available" time="0.001770833">
        </testcase>
    </testsuite>
</testsuites>
