<?xml version="1.0" encoding="UTF-8" ?>
<testsuites name="vitest tests" tests="18" failures="0" errors="0" time="0.175635416">
    <testsuite name="test/angular-tenancy.spec.ts" timestamp="2026-05-22T04:29:43.315Z" hostname="thiamat-1903.local" tests="17" failures="0" errors="0" skipped="0" time="0.17410225">
        <testcase classname="test/angular-tenancy.spec.ts" name="@stynx-web/angular-tenancy &gt; renders the tenant switcher and emits selected tenants from the DOM" time="0.076392375">
        </testcase>
        <testcase classname="test/angular-tenancy.spec.ts" name="@stynx-web/angular-tenancy &gt; provides tenancy options, browser window fallback, initializer, and interceptor providers" time="0.004863083">
        </testcase>
        <testcase classname="test/angular-tenancy.spec.ts" name="@stynx-web/angular-tenancy &gt; provides default tenancy options" time="0.000172542">
        </testcase>
        <testcase classname="test/angular-tenancy.spec.ts" name="@stynx-web/angular-tenancy &gt; initializes tenants from query, subdomain, default resolver, and clear" time="0.0286655">
        </testcase>
        <testcase classname="test/angular-tenancy.spec.ts" name="@stynx-web/angular-tenancy &gt; normalizes URL and host edge cases before using the default resolver" time="0.007010042">
        </testcase>
        <testcase classname="test/angular-tenancy.spec.ts" name="@stynx-web/angular-tenancy &gt; prefers tenantId query values and strips ports before subdomain detection" time="0.003617167">
        </testcase>
        <testcase classname="test/angular-tenancy.spec.ts" name="@stynx-web/angular-tenancy &gt; passes absolute https URLs to the fallback resolver without rewriting the host" time="0.003278209">
        </testcase>
        <testcase classname="test/angular-tenancy.spec.ts" name="@stynx-web/angular-tenancy &gt; rejects IPv4 hosts and blank hosts before falling back to defaults" time="0.001940584">
        </testcase>
        <testcase classname="test/angular-tenancy.spec.ts" name="@stynx-web/angular-tenancy &gt; leaves tenant unset when no source resolves and supports manual source default" time="0.001663917">
        </testcase>
        <testcase classname="test/angular-tenancy.spec.ts" name="@stynx-web/angular-tenancy &gt; stores available tenants for first-load chooser surfaces" time="0.001505875">
        </testcase>
        <testcase classname="test/angular-tenancy.spec.ts" name="@stynx-web/angular-tenancy &gt; emits tenantChanged$ only when the tenant id changes" time="0.003070334">
        </testcase>
        <testcase classname="test/angular-tenancy.spec.ts" name="@stynx-web/angular-tenancy &gt; adds X-Tenant-Id from the current tenant context" time="0.001465583">
        </testcase>
        <testcase classname="test/angular-tenancy.spec.ts" name="@stynx-web/angular-tenancy &gt; does not override an existing tenant header" time="0.001317958">
        </testcase>
        <testcase classname="test/angular-tenancy.spec.ts" name="@stynx-web/angular-tenancy &gt; tenant switcher ignores empty selections and emits manual tenant changes" time="0.002625167">
        </testcase>
        <testcase classname="test/angular-tenancy.spec.ts" name="@stynx-web/angular-tenancy &gt; constructs the tenant switcher in an injection context" time="0.001371708">
        </testcase>
        <testcase classname="test/angular-tenancy.spec.ts" name="@stynx-web/angular-tenancy &gt; tenant picker renders only on multi-tenant first load and projects content after selection" time="0.028146458">
        </testcase>
        <testcase classname="test/angular-tenancy.spec.ts" name="@stynx-web/angular-tenancy &gt; tenant picker accepts explicit tenant options and stays passive for single tenants or active contexts" time="0.004052583">
        </testcase>
    </testsuite>
    <testsuite name="test/provide-tenancy.node.spec.ts" timestamp="2026-05-22T04:29:43.330Z" hostname="thiamat-1903.local" tests="1" failures="0" errors="0" skipped="0" time="0.001533166">
        <testcase classname="test/provide-tenancy.node.spec.ts" name="provideTenancy SSR window provider &gt; returns null when no browser window is available" time="0.000915291">
        </testcase>
    </testsuite>
</testsuites>
