<?xml version="1.0" encoding="UTF-8" ?>
<testsuites name="vitest tests" tests="55" failures="0" errors="0" time="6.791851082">
    <testsuite name="test/integration/privacy.module.spec.ts" timestamp="2026-05-21T04:13:37.237Z" hostname="thiamat-1903.local" tests="1" failures="0" errors="0" skipped="0" time="6.691256583">
        <testcase classname="test/integration/privacy.module.spec.ts" name="StynxPrivacyModule integration &gt; loads PII rules, exports live and archive rows, erases data, and reports retention" time="6.690633834">
        </testcase>
    </testsuite>
    <testsuite name="test/unit/privacy-runtime.spec.ts" timestamp="2026-05-21T04:13:37.238Z" hostname="thiamat-1903.local" tests="27" failures="0" errors="0" skipped="0" time="0.0336735">
        <testcase classname="test/unit/privacy-runtime.spec.ts" name="privacy runtime helpers &gt; generates ROPA markdown with defaults and data-flow metadata" time="0.001098">
        </testcase>
        <testcase classname="test/unit/privacy-runtime.spec.ts" name="privacy runtime helpers &gt; wraps privacy errors with stable codes and optional context" time="0.000983584">
        </testcase>
        <testcase classname="test/unit/privacy-runtime.spec.ts" name="privacy runtime helpers &gt; loads database PII rules, auth user defaults, overrides, and validates subject metadata" time="0.014802167">
        </testcase>
        <testcase classname="test/unit/privacy-runtime.spec.ts" name="privacy runtime helpers &gt; throws when loaded PII rules still lack subject metadata" time="0.0006245">
        </testcase>
        <testcase classname="test/unit/privacy-runtime.spec.ts" name="privacy runtime helpers &gt; loads override-only PII rules and falls back to the process working directory" time="0.004511875">
        </testcase>
        <testcase classname="test/unit/privacy-runtime.spec.ts" name="privacy runtime helpers &gt; renders data-flow metadata when controllers or processors are provided alone" time="0.000315042">
        </testcase>
        <testcase classname="test/unit/privacy-runtime.spec.ts" name="privacy runtime helpers &gt; emits the exact ROPA header block (kills StringLiteral mutants on lines 15-17)" time="0.000173959">
        </testcase>
        <testcase classname="test/unit/privacy-runtime.spec.ts" name="privacy runtime helpers &gt; emits ROPA rows with the exact pipe-delimited template (kills StringLiteral mutants on the row builder)" time="0.000142625">
        </testcase>
        <testcase classname="test/unit/privacy-runtime.spec.ts" name="privacy runtime helpers &gt; falls back to &quot;both&quot; retention target string when target is undefined" time="0.000085125">
        </testcase>
        <testcase classname="test/unit/privacy-runtime.spec.ts" name="privacy runtime helpers &gt; falls back to &quot;unspecified&quot; when category and subjectColumn are absent" time="0.000099458">
        </testcase>
        <testcase classname="test/unit/privacy-runtime.spec.ts" name="privacy runtime helpers &gt; falls back to &quot;none&quot; retention literal when rule.retention is undefined" time="0.000142209">
        </testcase>
        <testcase classname="test/unit/privacy-runtime.spec.ts" name="privacy runtime helpers &gt; emits &quot;## Data Flow&quot; section header with exact text when controllers OR processors present" time="0.000082042">
        </testcase>
        <testcase classname="test/unit/privacy-runtime.spec.ts" name="privacy runtime helpers &gt; omits Data Flow section entirely when both controllers and processors are empty arrays" time="0.000076416">
        </testcase>
        <testcase classname="test/unit/privacy-runtime.spec.ts" name="privacy runtime helpers &gt; omits Data Flow section when controllers/processors are undefined (no metadata key)" time="0.000052542">
        </testcase>
        <testcase classname="test/unit/privacy-runtime.spec.ts" name="privacy runtime helpers &gt; emits Data Flow with controllers only when controllers.length &gt; 0 and processors.length === 0" time="0.000052333">
        </testcase>
        <testcase classname="test/unit/privacy-runtime.spec.ts" name="privacy runtime helpers &gt; emits Data Flow with processors only when processors.length &gt; 0 and controllers.length === 0" time="0.000051375">
        </testcase>
        <testcase classname="test/unit/privacy-runtime.spec.ts" name="privacy runtime helpers &gt; terminates the markdown with a trailing newline (kills StringLiteral mutation on the final empty line)" time="0.000061917">
        </testcase>
        <testcase classname="test/unit/privacy-runtime.spec.ts" name="privacy runtime helpers &gt; rejects DB rules whose tableSchema starts with a digit (kills Regex ^ anchor)" time="0.002205">
        </testcase>
        <testcase classname="test/unit/privacy-runtime.spec.ts" name="privacy runtime helpers &gt; rejects DB rules whose tableName contains a dash (kills Regex $ anchor + .regex MethodExpression)" time="0.000400375">
        </testcase>
        <testcase classname="test/unit/privacy-runtime.spec.ts" name="privacy runtime helpers &gt; rejects DB rules whose columnName contains whitespace" time="0.000957917">
        </testcase>
        <testcase classname="test/unit/privacy-runtime.spec.ts" name="privacy runtime helpers &gt; rejects DB rules with an unknown strategy (kills enum MethodExpression mutants)" time="0.00031325">
        </testcase>
        <testcase classname="test/unit/privacy-runtime.spec.ts" name="privacy runtime helpers &gt; applies the auth/users subjectColumn=&quot;id&quot; default (kills ObjectLiteral + LogicalOperator on line 64)" time="0.000778625">
        </testcase>
        <testcase classname="test/unit/privacy-runtime.spec.ts" name="privacy runtime helpers &gt; does NOT apply the auth/users default when schema differs (kills LogicalOperator || mutation on line 64)" time="0.000226708">
        </testcase>
        <testcase classname="test/unit/privacy-runtime.spec.ts" name="privacy runtime helpers &gt; does NOT apply the auth/users default when table differs (catches the second half of the &amp;&amp; condition)" time="0.000235417">
        </testcase>
        <testcase classname="test/unit/privacy-runtime.spec.ts" name="privacy runtime helpers &gt; sorts loaded rules by schema.table.column lexicographically (kills BooleanLiteral mutants on the sort comparator)" time="0.000471">
        </testcase>
        <testcase classname="test/unit/privacy-runtime.spec.ts" name="privacy runtime helpers &gt; includes the column name in the PrivacyConfigurationError context (kills StringLiteral mutants on lines 103-105)" time="0.000351625">
        </testcase>
        <testcase classname="test/unit/privacy-runtime.spec.ts" name="privacy runtime helpers &gt; delegates privacy object store operations with configured defaults and overrides" time="0.003436916">
        </testcase>
    </testsuite>
    <testsuite name="test/unit/privacy.controller.spec.ts" timestamp="2026-05-21T04:13:37.242Z" hostname="thiamat-1903.local" tests="2" failures="0" errors="0" skipped="0" time="0.005517083">
        <testcase classname="test/unit/privacy.controller.spec.ts" name="PrivacyController API contract &gt; delegates export, erasure, and retention requests to the privacy service" time="0.003615792">
        </testcase>
        <testcase classname="test/unit/privacy.controller.spec.ts" name="PrivacyController API contract &gt; keeps privacy mutations explicitly non-idempotent" time="0.000347792">
        </testcase>
    </testsuite>
    <testsuite name="test/unit/privacy.service.spec.ts" timestamp="2026-05-21T04:13:37.242Z" hostname="thiamat-1903.local" tests="25" failures="0" errors="0" skipped="0" time="0.061403916">
        <testcase classname="test/unit/privacy.service.spec.ts" name="PrivacyService branch coverage &gt; rejects export requests without a selector" time="0.002348">
        </testcase>
        <testcase classname="test/unit/privacy.service.spec.ts" name="PrivacyService branch coverage &gt; exports an empty bundle when rules match no rows" time="0.008479083">
        </testcase>
        <testcase classname="test/unit/privacy.service.spec.ts" name="PrivacyService branch coverage &gt; exports live and archive rows using subject and tenant filters" time="0.004720917">
        </testcase>
        <testcase classname="test/unit/privacy.service.spec.ts" name="PrivacyService branch coverage &gt; exports unfiltered table snapshots and uses the default export TTL" time="0.002285041">
        </testcase>
        <testcase classname="test/unit/privacy.service.spec.ts" name="PrivacyService branch coverage &gt; skips export rules that do not describe a subject column" time="0.001447084">
        </testcase>
        <testcase classname="test/unit/privacy.service.spec.ts" name="PrivacyService branch coverage &gt; fails erasure when a rule lacks subject metadata" time="0.001319">
        </testcase>
        <testcase classname="test/unit/privacy.service.spec.ts" name="PrivacyService branch coverage &gt; applies every erasure strategy to live and archive targets and disables Cognito user" time="0.003051709">
        </testcase>
        <testcase classname="test/unit/privacy.service.spec.ts" name="PrivacyService branch coverage &gt; treats missing row counts as zero during erasure" time="0.000821167">
        </testcase>
        <testcase classname="test/unit/privacy.service.spec.ts" name="PrivacyService branch coverage &gt; executes retention delete branches across live and archive targets" time="0.000975541">
        </testcase>
        <testcase classname="test/unit/privacy.service.spec.ts" name="PrivacyService branch coverage &gt; keeps dry-run retention from deleting and rejects unsafe identifiers" time="0.000946292">
        </testcase>
        <testcase classname="test/unit/privacy.service.spec.ts" name="PrivacyService branch coverage &gt; treats empty retention count results as zero and defaults target to both" time="0.000686292">
        </testcase>
        <testcase classname="test/unit/privacy.service.spec.ts" name="PrivacyService branch coverage &gt; renders ROPA markdown from loaded rules" time="0.00029">
        </testcase>
        <testcase classname="test/unit/privacy.service.spec.ts" name="PrivacyService — exportData CSV escaping (kills csvEscape mutants at src/privacy.service.ts:39-48) &gt; passes plain strings through verbatim (no quoting)" time="0.00488">
        </testcase>
        <testcase classname="test/unit/privacy.service.spec.ts" name="PrivacyService — exportData CSV escaping (kills csvEscape mutants at src/privacy.service.ts:39-48) &gt; escapes strings containing commas by wrapping in double quotes" time="0.003045875">
        </testcase>
        <testcase classname="test/unit/privacy.service.spec.ts" name="PrivacyService — exportData CSV escaping (kills csvEscape mutants at src/privacy.service.ts:39-48) &gt; escapes strings containing newlines by wrapping in double quotes" time="0.005453583">
        </testcase>
        <testcase classname="test/unit/privacy.service.spec.ts" name="PrivacyService — exportData CSV escaping (kills csvEscape mutants at src/privacy.service.ts:39-48) &gt; doubles embedded double-quote characters within a quoted field" time="0.003085708">
        </testcase>
        <testcase classname="test/unit/privacy.service.spec.ts" name="PrivacyService — exportData CSV escaping (kills csvEscape mutants at src/privacy.service.ts:39-48) &gt; emits the literal empty string for null and undefined cell values" time="0.003717625">
        </testcase>
        <testcase classname="test/unit/privacy.service.spec.ts" name="PrivacyService — exportData CSV escaping (kills csvEscape mutants at src/privacy.service.ts:39-48) &gt; JSON-encodes non-string non-null values and wraps them when they contain commas" time="0.004117625">
        </testcase>
        <testcase classname="test/unit/privacy.service.spec.ts" name="PrivacyService — manifest null coalescing (kills LogicalOperator survivors at src/privacy.service.ts:109-110) &gt; coalesces absent subjectUserId to null in manifest.json (not undefined)" time="0.003807958">
        </testcase>
        <testcase classname="test/unit/privacy.service.spec.ts" name="PrivacyService — manifest null coalescing (kills LogicalOperator survivors at src/privacy.service.ts:109-110) &gt; coalesces absent tenantId to null in manifest.json (not undefined)" time="0.001931291">
        </testcase>
        <testcase classname="test/unit/privacy.service.spec.ts" name="PrivacyService — expiresAt arithmetic (kills ArithmeticOperator survivors at src/privacy.service.ts:134) &gt; sets expiresAt to Date.now() + (exportTtlSeconds * 1000)" time="0.0007875">
        </testcase>
        <testcase classname="test/unit/privacy.service.spec.ts" name="PrivacyService — expiresAt arithmetic (kills ArithmeticOperator survivors at src/privacy.service.ts:134) &gt; uses the 7-day default when exportTtlSeconds is omitted" time="0.000573542">
        </testcase>
        <testcase classname="test/unit/privacy.service.spec.ts" name="PrivacyService — empty-side guard on exportData (kills ConditionalExpression at src/privacy.service.ts:91) &gt; includes a table when only liveRows are present (archive empty)" time="0.000574166">
        </testcase>
        <testcase classname="test/unit/privacy.service.spec.ts" name="PrivacyService — empty-side guard on exportData (kills ConditionalExpression at src/privacy.service.ts:91) &gt; includes a table when only archiveRows are present (live empty)" time="0.000512792">
        </testcase>
        <testcase classname="test/unit/privacy.service.spec.ts" name="PrivacyService — empty-side guard on exportData (kills ConditionalExpression at src/privacy.service.ts:91) &gt; skips a table only when BOTH sides are empty" time="0.000265208">
        </testcase>
    </testsuite>
</testsuites>
