<?xml version="1.0" encoding="UTF-8" ?>
<testsuites name="vitest tests" tests="79" failures="0" errors="0" time="2.37436554">
    <testsuite name="test/unit/barrel-load.spec.ts" timestamp="2026-05-19T15:55:45.346Z" hostname="thiamat-1903.local" tests="1" failures="0" errors="0" skipped="0" time="0.007210583">
        <testcase classname="test/unit/barrel-load.spec.ts" name="@stynx/data barrel &gt; exports at least one symbol" time="0.00572975">
        </testcase>
    </testsuite>
    <testsuite name="test/unit/client.spec.ts" timestamp="2026-05-19T15:55:45.356Z" hostname="thiamat-1903.local" tests="2" failures="0" errors="0" skipped="0" time="0.004664375">
        <testcase classname="test/unit/client.spec.ts" name="createStynxPgClient &gt; constructs a pg.Client from a connection string" time="0.002715">
        </testcase>
        <testcase classname="test/unit/client.spec.ts" name="createStynxPgClient &gt; passes through host/port/user/database options" time="0.000470875">
        </testcase>
    </testsuite>
    <testsuite name="test/unit/database.spec.ts" timestamp="2026-05-19T15:55:45.358Z" hostname="thiamat-1903.local" tests="19" failures="0" errors="0" skipped="0" time="0.331655917">
        <testcase classname="test/unit/database.spec.ts" name="Database &gt; rejects reader transactions that are not readonly" time="0.004509292">
        </testcase>
        <testcase classname="test/unit/database.spec.ts" name="Database &gt; rejects app transactions without tenant context" time="0.001293041">
        </testcase>
        <testcase classname="test/unit/database.spec.ts" name="Database &gt; rejects owner transactions outside system context" time="0.000513375">
        </testcase>
        <testcase classname="test/unit/database.spec.ts" name="Database &gt; rejects app transactions without actor context when tenant context exists" time="0.003251959">
        </testcase>
        <testcase classname="test/unit/database.spec.ts" name="Database &gt; applies request session state, readonly mode, deadline, commit, context cleanup, and release" time="0.0251885">
        </testcase>
        <testcase classname="test/unit/database.spec.ts" name="Database &gt; maps PostgreSQL readonly and statement-timeout errors during rollback" time="0.009514833">
        </testcase>
        <testcase classname="test/unit/database.spec.ts" name="Database &gt; preserves the original transaction error when rollback also fails" time="0.000530875">
        </testcase>
        <testcase classname="test/unit/database.spec.ts" name="Database &gt; does not retry non-PostgreSQL errors or retryable codes when retry is disabled" time="0.000849166">
        </testcase>
        <testcase classname="test/unit/database.spec.ts" name="Database &gt; retries retryable errors and reports the final serialization failure context" time="0.019601333">
        </testcase>
        <testcase classname="test/unit/database.spec.ts" name="Database &gt; describes branch: treats a non-finite retry count as immediate serialization failure" time="0.001364458">
        </testcase>
        <testcase classname="test/unit/database.spec.ts" name="Database &gt; waits the computed jitter before retrying retryable transaction failures" time="0.150559875">
        </testcase>
        <testcase classname="test/unit/database.spec.ts" name="Database &gt; does not classify non-Error retry codes or null transaction errors as retryable" time="0.039097333">
        </testcase>
        <testcase classname="test/unit/database.spec.ts" name="Database &gt; does not clear a CLS transaction slot that is already inactive in finally" time="0.04922275">
        </testcase>
        <testcase classname="test/unit/database.spec.ts" name="Database &gt; rejects replica write transactions before resolving tenant context" time="0.005169333">
        </testcase>
        <testcase classname="test/unit/database.spec.ts" name="Database &gt; uses replica pool options through withReplica" time="0.000509333">
        </testcase>
        <testcase classname="test/unit/database.spec.ts" name="Database &gt; delegates system context without changing the provided execution context" time="0.000251458">
        </testcase>
        <testcase classname="test/unit/database.spec.ts" name="Database &gt; runs nested transactions with savepoints and maps nested errors" time="0.006430416">
        </testcase>
        <testcase classname="test/unit/database.spec.ts" name="Database &gt; resolves owner execution context from the system context" time="0.010641583">
        </testcase>
        <testcase classname="test/unit/database.spec.ts" name="Database &gt; omits optional owner request and actor GUCs when system context lacks them" time="0.0011405">
        </testcase>
    </testsuite>
    <testsuite name="test/unit/errors.spec.ts" timestamp="2026-05-19T15:55:45.363Z" hostname="thiamat-1903.local" tests="2" failures="0" errors="0" skipped="0" time="0.041690666">
        <testcase classname="test/unit/errors.spec.ts" name="data errors &gt; exposes stable error codes and context" time="0.00314075">
        </testcase>
        <testcase classname="test/unit/errors.spec.ts" name="data errors &gt; omits optional error context when no context is provided" time="0.037057834">
        </testcase>
    </testsuite>
    <testsuite name="test/unit/migration-runner.spec.ts" timestamp="2026-05-19T15:55:45.364Z" hostname="thiamat-1903.local" tests="9" failures="0" errors="0" skipped="0" time="0.803864667">
        <testcase classname="test/unit/migration-runner.spec.ts" name="StynxMigrationRunner.onModuleInit &gt; no-ops when migrations option is missing" time="0.047291666">
        </testcase>
        <testcase classname="test/unit/migration-runner.spec.ts" name="StynxMigrationRunner.onModuleInit &gt; no-ops when migrations.enabled is false" time="0.032788834">
        </testcase>
        <testcase classname="test/unit/migration-runner.spec.ts" name="StynxMigrationRunner.onModuleInit &gt; runs platform migrations when migrations.enabled is true" time="0.0003725">
        </testcase>
        <testcase classname="test/unit/migration-runner.spec.ts" name="StynxMigrationRunner.onModuleInit &gt; invokes the adopter-supplied runner after platform migrations" time="0.000214792">
        </testcase>
        <testcase classname="test/unit/migration-runner.spec.ts" name="StynxMigrationRunner.runPlatformMigrations (mocked client) &gt; initializes pools + creates schema_migrations table + releases client" time="0.373950666">
        </testcase>
        <testcase classname="test/unit/migration-runner.spec.ts" name="StynxMigrationRunner.runPlatformMigrations (mocked client) &gt; skips migrations whose id is already in core.schema_migrations" time="0.006959458">
        </testcase>
        <testcase classname="test/unit/migration-runner.spec.ts" name="StynxMigrationRunner.runPlatformMigrations (mocked client) &gt; rolls back when a migration body throws and rethrows the error" time="0.009046333">
        </testcase>
        <testcase classname="test/unit/migration-runner.spec.ts" name="StynxMigrationRunner.runPlatformMigrations (mocked client) &gt; continues migration-dir probing and preserves migration errors when rollback fails" time="0.267519083">
        </testcase>
        <testcase classname="test/unit/migration-runner.spec.ts" name="StynxMigrationRunner.runPlatformMigrations (mocked client) &gt; falls back to the packaged migration path when every probe misses" time="0.035619666">
        </testcase>
    </testsuite>
    <testsuite name="test/unit/pools.spec.ts" timestamp="2026-05-19T15:55:45.481Z" hostname="thiamat-1903.local" tests="16" failures="0" errors="0" skipped="0" time="0.317355208">
        <testcase classname="test/unit/pools.spec.ts" name="createStynxPgPool &gt; creates a Pool from a connection string" time="0.001394375">
        </testcase>
        <testcase classname="test/unit/pools.spec.ts" name="createStynxPgPool &gt; swallows idle pool errors from the factory-created pool" time="0.000573041">
        </testcase>
        <testcase classname="test/unit/pools.spec.ts" name="createStynxPgPool &gt; passes ssl: true through as { rejectUnauthorized: false }" time="0.019790958">
        </testcase>
        <testcase classname="test/unit/pools.spec.ts" name="createStynxPgPool &gt; honors host/port/user/password/database/max/applicationName options" time="0.000300541">
        </testcase>
        <testcase classname="test/unit/pools.spec.ts" name="StynxPoolRegistry &gt; creates owner + app + reader pools on init" time="0.013267625">
        </testcase>
        <testcase classname="test/unit/pools.spec.ts" name="StynxPoolRegistry &gt; is idempotent — re-init does not re-create pools" time="0.000250708">
        </testcase>
        <testcase classname="test/unit/pools.spec.ts" name="StynxPoolRegistry &gt; get(owner) returns the owner pool by default" time="0.013171833">
        </testcase>
        <testcase classname="test/unit/pools.spec.ts" name="StynxPoolRegistry &gt; get(app, replica=true) returns the reader pool" time="0.000359083">
        </testcase>
        <testcase classname="test/unit/pools.spec.ts" name="StynxPoolRegistry &gt; get(reader) always returns the reader pool" time="0.000310459">
        </testcase>
        <testcase classname="test/unit/pools.spec.ts" name="StynxPoolRegistry &gt; resolves connection strings via secretId when no connectionString provided" time="0.051935458">
        </testcase>
        <testcase classname="test/unit/pools.spec.ts" name="StynxPoolRegistry &gt; honors JSON-shaped secrets via parseSecretConnection (connectionString field)" time="0.016447583">
        </testcase>
        <testcase classname="test/unit/pools.spec.ts" name="StynxPoolRegistry &gt; honors JSON-shaped secrets with `url` field" time="0.000469458">
        </testcase>
        <testcase classname="test/unit/pools.spec.ts" name="StynxPoolRegistry &gt; describes branch: applies ssl for registry-managed pools" time="0.064308083">
        </testcase>
        <testcase classname="test/unit/pools.spec.ts" name="StynxPoolRegistry &gt; falls through to raw secret when JSON lacks a connection field" time="0.020898166">
        </testcase>
        <testcase classname="test/unit/pools.spec.ts" name="StynxPoolRegistry &gt; falls through to raw secret when JSON parse fails" time="0.010970417">
        </testcase>
        <testcase classname="test/unit/pools.spec.ts" name="StynxPoolRegistry &gt; throws when a connection has neither connectionString nor secretId" time="0.060868875">
        </testcase>
    </testsuite>
    <testsuite name="test/unit/query-helpers.spec.ts" timestamp="2026-05-19T15:55:45.778Z" hostname="thiamat-1903.local" tests="10" failures="0" errors="0" skipped="0" time="0.164182083">
        <testcase classname="test/unit/query-helpers.spec.ts" name="query helpers &gt; builds withDeleted SQL with shifted placeholders, tenant guard, ordering, limit, and offset" time="0.051596792">
        </testcase>
        <testcase classname="test/unit/query-helpers.spec.ts" name="query helpers &gt; builds onlyDeleted SQL with default archive ordering and no tenant guard for non-tenant tables" time="0.000422291">
        </testcase>
        <testcase classname="test/unit/query-helpers.spec.ts" name="query helpers &gt; builds onlyDeleted SQL with explicit predicates, archive ordering, limit, and offset" time="0.001867208">
        </testcase>
        <testcase classname="test/unit/query-helpers.spec.ts" name="query helpers &gt; builds onlyDeleted predicates for non-tenant tables without a tenant guard" time="0.027860083">
        </testcase>
        <testcase classname="test/unit/query-helpers.spec.ts" name="query helpers &gt; builds withDeleted SQL without predicates, ordering, limits, or tenant guard" time="0.003359541">
        </testcase>
        <testcase classname="test/unit/query-helpers.spec.ts" name="query helpers &gt; accepts undefined where clauses and empty ordering lists" time="0.004915417">
        </testcase>
        <testcase classname="test/unit/query-helpers.spec.ts" name="query helpers &gt; describes branch: overrides archive ordering through the chainable orderBy helper" time="0.000317166">
        </testcase>
        <testcase classname="test/unit/query-helpers.spec.ts" name="query helpers &gt; maps archived rows and keeps promise helpers delegated to execute" time="0.053605459">
        </testcase>
        <testcase classname="test/unit/query-helpers.spec.ts" name="query helpers &gt; delegates rejected executions through then and catch callbacks" time="0.000437875">
        </testcase>
        <testcase classname="test/unit/query-helpers.spec.ts" name="query helpers &gt; proxies soft-deletable select builders and leaves live-only builders unchanged" time="0.000533958">
        </testcase>
    </testsuite>
    <testsuite name="test/unit/system-context.spec.ts" timestamp="2026-05-19T15:55:45.880Z" hostname="thiamat-1903.local" tests="1" failures="0" errors="0" skipped="0" time="0.099911125">
        <testcase classname="test/unit/system-context.spec.ts" name="withSystemContext &gt; delegates to database.withSystemContext with the same reason + fn" time="0.061870959">
        </testcase>
    </testsuite>
    <testsuite name="test/unit/table-meta.spec.ts" timestamp="2026-05-19T15:55:45.895Z" hostname="thiamat-1903.local" tests="3" failures="0" errors="0" skipped="0" time="0.063307916">
        <testcase classname="test/unit/table-meta.spec.ts" name="table metadata helpers &gt; quotes identifiers and builds qualified relation names" time="0.020011042">
        </testcase>
        <testcase classname="test/unit/table-meta.spec.ts" name="table metadata helpers &gt; defaults unschemed tables to public metadata" time="0.011063667">
        </testcase>
        <testcase classname="test/unit/table-meta.spec.ts" name="table metadata helpers &gt; uses explicit schema metadata when present" time="0.009337833">
        </testcase>
    </testsuite>
    <testsuite name="test/unit/transaction.spec.ts" timestamp="2026-05-19T15:55:45.897Z" hostname="thiamat-1903.local" tests="16" failures="0" errors="0" skipped="0" time="0.540523">
        <testcase classname="test/unit/transaction.spec.ts" name="Transaction &gt; delegates active read/write primitives and rejects all primitives after close" time="0.006124375">
        </testcase>
        <testcase classname="test/unit/transaction.spec.ts" name="Transaction &gt; guards write operations for reader transactions" time="0.002091834">
        </testcase>
        <testcase classname="test/unit/transaction.spec.ts" name="Transaction &gt; rejects non-soft-deletable archive operations before querying mirrors" time="0.003434667">
        </testcase>
        <testcase classname="test/unit/transaction.spec.ts" name="Transaction &gt; forces cascade restore options through restoreWithCascade defaults" time="0.017643834">
        </testcase>
        <testcase classname="test/unit/transaction.spec.ts" name="Transaction &gt; softDelete returns dry-run plans and filters the root archive entry from committed cascades" time="0.0086105">
        </testcase>
        <testcase classname="test/unit/transaction.spec.ts" name="Transaction &gt; uses archive table parsing, confirmation, metrics, and archive-size labels for hard deletes" time="0.013364792">
        </testcase>
        <testcase classname="test/unit/transaction.spec.ts" name="Transaction &gt; builds recursive cascade plans with exact row counts and depth limits" time="0.008542875">
        </testcase>
        <testcase classname="test/unit/transaction.spec.ts" name="Transaction &gt; soft-deletes one reference and maps missing rows and FK delete failures" time="0.164110958">
        </testcase>
        <testcase classname="test/unit/transaction.spec.ts" name="Transaction &gt; blocks soft-delete references when cascade depth, row count, or blocking children fail" time="0.015830875">
        </testcase>
        <testcase classname="test/unit/transaction.spec.ts" name="Transaction &gt; describes branch: softDelete uses real registry queries and archive-size sampling without metrics" time="0.010252417">
        </testcase>
        <testcase classname="test/unit/transaction.spec.ts" name="Transaction &gt; restores archived references, maps restore conflicts, and cascades child restores" time="0.194608375">
        </testcase>
        <testcase classname="test/unit/transaction.spec.ts" name="Transaction &gt; describes branch: restoreFromArchive cascades archived parents through real lookup helpers" time="0.007003542">
        </testcase>
        <testcase classname="test/unit/transaction.spec.ts" name="Transaction &gt; describes blocking children with counts and samples only for non-empty block rows" time="0.002496959">
        </testcase>
        <testcase classname="test/unit/transaction.spec.ts" name="Transaction &gt; finds archived parents only when the parent is absent from live rows and present in archive" time="0.003933541">
        </testcase>
        <testcase classname="test/unit/transaction.spec.ts" name="Transaction &gt; detects restore conflicts from array and text constraint column metadata" time="0.061740875">
        </testcase>
        <testcase classname="test/unit/transaction.spec.ts" name="Transaction &gt; loads column names, checks mirrors, normalizes labels, and samples archive sizes defensively" time="0.001764084">
        </testcase>
    </testsuite>
</testsuites>
