<?xml version="1.0" encoding="UTF-8" ?>
<testsuites name="vitest tests" tests="34" failures="0" errors="0" time="0.236627792">
    <testsuite name="test/components.spec.ts" timestamp="2026-05-20T04:50:55.448Z" hostname="thiamat-1903.local" tests="21" failures="0" errors="0" skipped="0" time="0.014575458">
        <testcase classname="test/components.spec.ts" name="@stynx-web/angular-flow components &gt; binds graph designer inputs to route-like scope and graph ids" time="0.004377708">
        </testcase>
        <testcase classname="test/components.spec.ts" name="@stynx-web/angular-flow components &gt; publishes the active draft graph through the Flow API contract" time="0.000773333">
        </testcase>
        <testcase classname="test/components.spec.ts" name="@stynx-web/angular-flow components &gt; surfaces publish failures and labels published versions" time="0.000382167">
        </testcase>
        <testcase classname="test/components.spec.ts" name="@stynx-web/angular-flow components &gt; surfaces the first-run scope empty state intent" time="0.000783541">
        </testcase>
        <testcase classname="test/components.spec.ts" name="@stynx-web/angular-flow components &gt; surfaces the active-scope empty graph intent without stale canvas data" time="0.00053825">
        </testcase>
        <testcase classname="test/components.spec.ts" name="@stynx-web/angular-flow components &gt; keeps the empty state action output host-controlled" time="0.00015025">
        </testcase>
        <testcase classname="test/components.spec.ts" name="@stynx-web/angular-flow components &gt; renders graph canvas selection outputs without mutating layout inputs" time="0.000193042">
        </testcase>
        <testcase classname="test/components.spec.ts" name="@stynx-web/angular-flow components &gt; loads paged open-task analytics envelopes" time="0.000404958">
        </testcase>
        <testcase classname="test/components.spec.ts" name="@stynx-web/angular-flow components &gt; omits query options when API filters are absent" time="0.000239583">
        </testcase>
        <testcase classname="test/components.spec.ts" name="@stynx-web/angular-flow components &gt; captures analytics load failures from Error and non-Error throwables" time="0.000266541">
        </testcase>
        <testcase classname="test/components.spec.ts" name="@stynx-web/angular-flow components &gt; loads run summaries and captures non-Error failures" time="0.000522166">
        </testcase>
        <testcase classname="test/components.spec.ts" name="@stynx-web/angular-flow components &gt; loads forms, fills, tasks, and waivers with optional filters and error branches" time="0.001415209">
        </testcase>
        <testcase classname="test/components.spec.ts" name="@stynx-web/angular-flow components &gt; describes branch: distinguishes empty filters and fallback load errors across flow lists" time="0.000474042">
        </testcase>
        <testcase classname="test/components.spec.ts" name="@stynx-web/angular-flow components &gt; loads the my-tasks inbox with signal state and tenant refreshes" time="0.001125708">
        </testcase>
        <testcase classname="test/components.spec.ts" name="@stynx-web/angular-flow components &gt; normalizes my-tasks polling input and captures fallback load errors" time="0.000301083">
        </testcase>
        <testcase classname="test/components.spec.ts" name="@stynx-web/angular-flow components &gt; supports fill editor answer lookup and bulk save intent" time="0.000380042">
        </testcase>
        <testcase classname="test/components.spec.ts" name="@stynx-web/angular-flow components &gt; covers form and dialog event defaults" time="0.000205875">
        </testcase>
        <testcase classname="test/components.spec.ts" name="@stynx-web/angular-flow components &gt; normalizes typed fill editor values for package hosts" time="0.000419459">
        </testcase>
        <testcase classname="test/components.spec.ts" name="@stynx-web/angular-flow components &gt; covers fill editor empty, object option, and fallback serialization branches" time="0.000375834">
        </testcase>
        <testcase classname="test/components.spec.ts" name="@stynx-web/angular-flow components &gt; describes branch: normalizes nullish persisted fill values and sparse option records" time="0.000322584">
        </testcase>
        <testcase classname="test/components.spec.ts" name="@stynx-web/angular-flow components &gt; keeps task card action outputs permission-scoped by intent" time="0.000136833">
        </testcase>
    </testsuite>
    <testsuite name="test/flow-api.service.spec.ts" timestamp="2026-05-20T04:50:55.451Z" hostname="thiamat-1903.local" tests="4" failures="0" errors="0" skipped="0" time="0.008552084">
        <testcase classname="test/flow-api.service.spec.ts" name="FlowApiService endpoint contract &gt; covers design route families for scopes, graphs, nodes, edges, rules, effects, and form gates" time="0.004656333">
        </testcase>
        <testcase classname="test/flow-api.service.spec.ts" name="FlowApiService endpoint contract &gt; covers forms, fills, answers, waivers, policies, analytics, signal, and effect routes" time="0.001988917">
        </testcase>
        <testcase classname="test/flow-api.service.spec.ts" name="FlowApiService endpoint contract &gt; covers runtime, task action, candidate, user lookup, and event routes" time="0.000848041">
        </testcase>
        <testcase classname="test/flow-api.service.spec.ts" name="FlowApiService endpoint contract &gt; omits query options for absent or undefined filters" time="0.000363541">
        </testcase>
    </testsuite>
    <testsuite name="test/flow-fan-out.spec.ts" timestamp="2026-05-20T04:50:55.451Z" hostname="thiamat-1903.local" tests="6" failures="0" errors="0" skipped="0" time="0.210767875">
        <testcase classname="test/flow-fan-out.spec.ts" name="@stynx-web/angular-flow FE-G fan-out &gt; activates each flow route with the real Router when permissions allow" time="0.187883">
        </testcase>
        <testcase classname="test/flow-fan-out.spec.ts" name="@stynx-web/angular-flow FE-G fan-out &gt; redirects every guarded flow route to permission denial when the session lacks access" time="0.010893334">
        </testcase>
        <testcase classname="test/flow-fan-out.spec.ts" name="@stynx-web/angular-flow FE-G fan-out &gt; loads dashboard analytics filters, formats percentages, and ignores stale refreshes" time="0.000955292">
        </testcase>
        <testcase classname="test/flow-fan-out.spec.ts" name="@stynx-web/angular-flow FE-G fan-out &gt; loads run activity pages, appends older events, and clears when no run is selected" time="0.000535041">
        </testcase>
        <testcase classname="test/flow-fan-out.spec.ts" name="@stynx-web/angular-flow FE-G fan-out &gt; handles file answers, signatures, and reveal conditions in the fill editor" time="0.002515334">
        </testcase>
        <testcase classname="test/flow-fan-out.spec.ts" name="@stynx-web/angular-flow FE-G fan-out &gt; wires provideStynxFlow for instance-backed and factory-backed package hosts" time="0.001747875">
        </testcase>
    </testsuite>
    <testsuite name="test/routes-and-exports.spec.ts" timestamp="2026-05-20T04:50:55.452Z" hostname="thiamat-1903.local" tests="3" failures="0" errors="0" skipped="0" time="0.002732375">
        <testcase classname="test/routes-and-exports.spec.ts" name="@stynx-web/angular-flow exports and routes &gt; exports the package API needed by host shells" time="0.000958791">
        </testcase>
        <testcase classname="test/routes-and-exports.spec.ts" name="@stynx-web/angular-flow exports and routes &gt; returns a defensive copy of host-mountable routes" time="0.000530083">
        </testcase>
        <testcase classname="test/routes-and-exports.spec.ts" name="@stynx-web/angular-flow exports and routes &gt; keeps PORM-derived route concepts and STYNX route names visible" time="0.000637708">
        </testcase>
    </testsuite>
</testsuites>
