<?xml version="1.0" encoding="UTF-8" ?>
<testsuites name="vitest tests" tests="59" failures="0" errors="0" time="14.638655624">
    <testsuite name="test/unit/barrel-load.spec.ts" timestamp="2026-05-22T01:23:12.846Z" hostname="thiamat-1903.local" tests="1" failures="0" errors="0" skipped="0" time="0.005459708">
        <testcase classname="test/unit/barrel-load.spec.ts" name="@stynx/sessions barrel &gt; exports at least one symbol" time="0.002578083">
        </testcase>
    </testsuite>
    <testsuite name="test/unit/jwks.controller.spec.ts" timestamp="2026-05-22T01:23:12.847Z" hostname="thiamat-1903.local" tests="1" failures="0" errors="0" skipped="0" time="0.01354225">
        <testcase classname="test/unit/jwks.controller.spec.ts" name="SessionJwksController API contract &gt; publishes the signing service JWKS payload" time="0.008775916">
        </testcase>
    </testsuite>
    <testsuite name="test/unit/jwt-signing.spec.ts" timestamp="2026-05-22T01:23:12.848Z" hostname="thiamat-1903.local" tests="27" failures="0" errors="0" skipped="0" time="5.178241375">
        <testcase classname="test/unit/jwt-signing.spec.ts" name="SessionJwtSigningService.signAccessToken &gt; produces a 3-segment JWT signed by the active key" time="1.018236125">
        </testcase>
        <testcase classname="test/unit/jwt-signing.spec.ts" name="SessionJwtSigningService.signAccessToken &gt; binds exact JWT header, payload claims, and access expiry" time="0.323907167">
        </testcase>
        <testcase classname="test/unit/jwt-signing.spec.ts" name="SessionJwtSigningService.signAccessToken &gt; omits optional JWT audience and permission hash claims when unset" time="0.244722083">
        </testcase>
        <testcase classname="test/unit/jwt-signing.spec.ts" name="SessionJwtSigningService.signAccessToken &gt; caches resolved keys across calls (singleton)" time="0.306262875">
        </testcase>
        <testcase classname="test/unit/jwt-signing.spec.ts" name="SessionJwtSigningService.signAccessToken &gt; throws SessionSigningKeyError when activeKid is not present in keys" time="1.3145245">
        </testcase>
        <testcase classname="test/unit/jwt-signing.spec.ts" name="SessionJwtSigningService.signAccessToken &gt; reloads signing keys exactly when the cache ttl boundary is reached" time="0.32611375">
        </testcase>
        <testcase classname="test/unit/jwt-signing.spec.ts" name="SessionJwtSigningService.signAccessToken &gt; throws when neither jwt.keySet nor jwt.secretId is configured" time="0.000280958">
        </testcase>
        <testcase classname="test/unit/jwt-signing.spec.ts" name="SessionJwtSigningService.signAccessToken &gt; throws when jwt.secretId is set but SecretLoader is unavailable" time="0.000104917">
        </testcase>
        <testcase classname="test/unit/jwt-signing.spec.ts" name="SessionJwtSigningService.signAccessToken &gt; secretLoader path (validateKeySet) &gt; signs successfully when secret loader returns a valid key set" time="0.5445675">
        </testcase>
        <testcase classname="test/unit/jwt-signing.spec.ts" name="SessionJwtSigningService.signAccessToken &gt; secretLoader path (validateKeySet) &gt; rejects when secret JSON is not an object" time="0.00029675">
        </testcase>
        <testcase classname="test/unit/jwt-signing.spec.ts" name="SessionJwtSigningService.signAccessToken &gt; secretLoader path (validateKeySet) &gt; rejects when currentKid is missing or empty" time="0.000128916">
        </testcase>
        <testcase classname="test/unit/jwt-signing.spec.ts" name="SessionJwtSigningService.signAccessToken &gt; secretLoader path (validateKeySet) &gt; rejects when keys array is missing or empty" time="0.000116833">
        </testcase>
        <testcase classname="test/unit/jwt-signing.spec.ts" name="SessionJwtSigningService.signAccessToken &gt; secretLoader path (validateKeySet) &gt; rejects when a key entry is not an object" time="0.000118708">
        </testcase>
        <testcase classname="test/unit/jwt-signing.spec.ts" name="SessionJwtSigningService.signAccessToken &gt; secretLoader path (validateKeySet) &gt; rejects when a key entry is missing kid/publicKeyPem/privateKeyPem" time="0.000125875">
        </testcase>
        <testcase classname="test/unit/jwt-signing.spec.ts" name="SessionJwtSigningService.signAccessToken &gt; secretLoader path (validateKeySet) &gt; preserves activatesAt + expiresAt when present" time="0.812977833">
        </testcase>
        <testcase classname="test/unit/jwt-signing.spec.ts" name="SessionJwtSigningService.signAccessToken &gt; secretLoader path (validateKeySet) &gt; rejects null with the EXACT &quot;Session key material is missing&quot; message (kills ConditionalExpression L34)" time="0.001505333">
        </testcase>
        <testcase classname="test/unit/jwt-signing.spec.ts" name="SessionJwtSigningService.signAccessToken &gt; secretLoader path (validateKeySet) &gt; rejects undefined with the EXACT &quot;Session key material is missing&quot; message" time="0.000444958">
        </testcase>
        <testcase classname="test/unit/jwt-signing.spec.ts" name="SessionJwtSigningService.signAccessToken &gt; secretLoader path (validateKeySet) &gt; rejects scalar with EXACT &quot;Session key material is missing&quot; (kills LogicalOperator || → &amp;&amp;)" time="0.003891583">
        </testcase>
        <testcase classname="test/unit/jwt-signing.spec.ts" name="SessionJwtSigningService.signAccessToken &gt; secretLoader path (validateKeySet) &gt; rejects missing currentKid with EXACT &quot;missing currentKid&quot; message (kills StringLiteral L44)" time="0.000761167">
        </testcase>
        <testcase classname="test/unit/jwt-signing.spec.ts" name="SessionJwtSigningService.signAccessToken &gt; secretLoader path (validateKeySet) &gt; rejects empty-string currentKid with EXACT &quot;missing currentKid&quot; (kills EqualityOperator currentKid.length === 0 → !== 0)" time="0.000972583">
        </testcase>
        <testcase classname="test/unit/jwt-signing.spec.ts" name="SessionJwtSigningService.signAccessToken &gt; secretLoader path (validateKeySet) &gt; rejects non-string currentKid (numeric) with the SAME currentKid message (kills ConditionalExpression typeof)" time="0.0002575">
        </testcase>
        <testcase classname="test/unit/jwt-signing.spec.ts" name="SessionJwtSigningService.signAccessToken &gt; secretLoader path (validateKeySet) &gt; rejects non-array keys with EXACT &quot;has no keys&quot; message (kills ConditionalExpression on Array.isArray)" time="0.000167208">
        </testcase>
        <testcase classname="test/unit/jwt-signing.spec.ts" name="SessionJwtSigningService.signAccessToken &gt; secretLoader path (validateKeySet) &gt; rejects empty-array keys with EXACT &quot;has no keys&quot; message (kills EqualityOperator keys.length === 0 → !== 0)" time="0.000157833">
        </testcase>
        <testcase classname="test/unit/jwt-signing.spec.ts" name="SessionJwtSigningService.signAccessToken &gt; secretLoader path (validateKeySet) &gt; rejects null key entry with EXACT &quot;is invalid&quot; message (kills ConditionalExpression L54)" time="0.000151">
        </testcase>
        <testcase classname="test/unit/jwt-signing.spec.ts" name="SessionJwtSigningService.signAccessToken &gt; secretLoader path (validateKeySet) &gt; rejects key entry missing kid with EXACT &quot;is incomplete&quot; message (kills LogicalOperator || chain L63-67)" time="0.000129375">
        </testcase>
        <testcase classname="test/unit/jwt-signing.spec.ts" name="SessionJwtSigningService.signAccessToken &gt; secretLoader path (validateKeySet) &gt; rejects key entry missing privateKeyPem with EXACT &quot;is incomplete&quot; message" time="0.000246333">
        </testcase>
        <testcase classname="test/unit/jwt-signing.spec.ts" name="SessionJwtSigningService.signAccessToken &gt; base64UrlEncode (kills Regex survivors at jwt-signing.service.ts:30) &gt; produces a 3-part token with no trailing = in any segment" time="0.2635135">
        </testcase>
    </testsuite>
    <testsuite name="test/unit/redis-session-store.spec.ts" timestamp="2026-05-22T01:23:12.888Z" hostname="thiamat-1903.local" tests="3" failures="0" errors="0" skipped="0" time="0.009405416">
        <testcase classname="test/unit/redis-session-store.spec.ts" name="RedisSessionStore &gt; requires initialization and closes only open clients" time="0.006551291">
        </testcase>
        <testcase classname="test/unit/redis-session-store.spec.ts" name="RedisSessionStore &gt; creates, rotates, touches, revokes, indexes, and publishes sessions" time="0.001779625">
        </testcase>
        <testcase classname="test/unit/redis-session-store.spec.ts" name="RedisSessionStore &gt; prunes stale ids from indexes" time="0.000440333">
        </testcase>
    </testsuite>
    <testsuite name="test/unit/session.service.spec.ts" timestamp="2026-05-22T01:23:12.890Z" hostname="thiamat-1903.local" tests="27" failures="0" errors="0" skipped="0" time="9.432006875">
        <testcase classname="test/unit/session.service.spec.ts" name="SessionService &gt; creates, reads, and revokes a session" time="0.272106417">
        </testcase>
        <testcase classname="test/unit/session.service.spec.ts" name="SessionService &gt; omits empty device metadata and create metadata from stored session records" time="0.816869458">
        </testcase>
        <testcase classname="test/unit/session.service.spec.ts" name="SessionService &gt; rotates refresh tokens and kills the family when an old token is reused" time="0.323202083">
        </testcase>
        <testcase classname="test/unit/session.service.spec.ts" name="SessionService &gt; enforces absolute and idle timeout windows" time="0.310988792">
        </testcase>
        <testcase classname="test/unit/session.service.spec.ts" name="SessionService &gt; treats absolute and idle expiry timestamps as expired at the exact boundary" time="0.460863959">
        </testcase>
        <testcase classname="test/unit/session.service.spec.ts" name="SessionService &gt; supports clock skew when access tokens have a slightly future nbf" time="0.262041708">
        </testcase>
        <testcase classname="test/unit/session.service.spec.ts" name="SessionService &gt; survives 1000 sequential refresh cycles without leaking live session records" time="3.837008333">
        </testcase>
        <testcase classname="test/unit/session.service.spec.ts" name="SessionService &gt; exchanges an active session for a new tenant-scoped session" time="0.100642625">
        </testcase>
        <testcase classname="test/unit/session.service.spec.ts" name="SessionService &gt; rejects tenant exchange for a mismatched actor" time="0.101754417">
        </testcase>
        <testcase classname="test/unit/session.service.spec.ts" name="SessionService &gt; rejects tenant exchange for a missing session" time="0.283360167">
        </testcase>
        <testcase classname="test/unit/session.service.spec.ts" name="SessionService &gt; rejects tenant exchange for an inactive session" time="0.225436958">
        </testcase>
        <testcase classname="test/unit/session.service.spec.ts" name="SessionService &gt; returns null or false for missing session operations and invalid refresh tokens" time="0.191027083">
        </testcase>
        <testcase classname="test/unit/session.service.spec.ts" name="SessionService &gt; rethrows non-expiry inactive session errors from get" time="0.15848825">
        </testcase>
        <testcase classname="test/unit/session.service.spec.ts" name="SessionService &gt; returns null for direct in-memory touch and rotate misses" time="0.000130958">
        </testcase>
        <testcase classname="test/unit/session.service.spec.ts" name="SessionService &gt; rejects refresh when lookup points at a missing session or rotation fails" time="0.063795375">
        </testcase>
        <testcase classname="test/unit/session.service.spec.ts" name="SessionService &gt; skips session mirroring when infrastructure providers are not available" time="0.011417583">
        </testcase>
        <testcase classname="test/unit/session.service.spec.ts" name="SessionService &gt; writes mirror rows with membership ids when infrastructure providers are available" time="0.033378708">
        </testcase>
        <testcase classname="test/unit/session.service.spec.ts" name="SessionService &gt; resolves optional audience and secret-id session options" time="0.008619542">
        </testcase>
        <testcase classname="test/unit/session.service.spec.ts" name="SessionService &gt; exchanges sessions without carrying optional device metadata or create metadata" time="0.566889125">
        </testcase>
        <testcase classname="test/unit/session.service.spec.ts" name="SessionService &gt; revokes all sessions for a user or tenant with one invalidation per affected scope" time="0.355700209">
        </testcase>
        <testcase classname="test/unit/session.service.spec.ts" name="SessionService &gt; does not publish tenant invalidation when no tenant sessions are active" time="0.144167791">
        </testcase>
        <testcase classname="test/unit/session.service.spec.ts" name="SessionService &gt; excludes missing sessions from revoke-all counts, invalidations, and mirror writes" time="0.469836125">
        </testcase>
        <testcase classname="test/unit/session.service.spec.ts" name="SessionService &gt; mirror payload excludes undefined membershipId (kills EqualityOperator + ObjectLiteral at session.service.ts:293, 320) &gt; omits membershipId from mirror entry when session has none" time="0.176494459">
        </testcase>
        <testcase classname="test/unit/session.service.spec.ts" name="SessionService &gt; mirror payload excludes undefined membershipId (kills EqualityOperator + ObjectLiteral at session.service.ts:293, 320) &gt; includes membershipId in mirror entry when session has one" time="0.25155725">
        </testcase>
        <testcase classname="test/unit/session.service.spec.ts" name="InMemorySessionStore — mutation kills &gt; rotateRefreshToken returns null when refresh-lookup state is not active (kills ConditionalExpression at L48)" time="0.000157125">
        </testcase>
        <testcase classname="test/unit/session.service.spec.ts" name="InMemorySessionStore — mutation kills &gt; rotateRefreshToken returns null when currentHash does not match session refreshTokenHash (kills second ConditionalExpression at L48)" time="0.000064208">
        </testcase>
        <testcase classname="test/unit/session.service.spec.ts" name="InMemorySessionStore — mutation kills &gt; publishInvalidation emits on the literal &quot;invalidate&quot; channel (kills StringLiteral at L130)" time="0.000122791">
        </testcase>
    </testsuite>
</testsuites>
