<?xml version="1.0" encoding="UTF-8" ?>
<testsuites name="vitest tests" tests="4" failures="0" errors="0" time="22.535350709">
    <testsuite name="test/integration/storage.module.spec.ts" timestamp="2026-05-19T15:59:27.705Z" hostname="thiamat-1903.local" tests="4" failures="0" errors="0" skipped="0" time="22.535350709">
        <testcase classname="test/integration/storage.module.spec.ts" name="StynxStorageModule integration &gt; presigns an upload, completes it, and returns a working download URL" time="0.435472583">
        </testcase>
        <testcase classname="test/integration/storage.module.spec.ts" name="StynxStorageModule integration &gt; quarantines documents whose uploaded object metadata does not match" time="0.098647209">
        </testcase>
        <testcase classname="test/integration/storage.module.spec.ts" name="StynxStorageModule integration &gt; rejects cross-tenant download presign attempts" time="0.063997334">
        </testcase>
        <testcase classname="test/integration/storage.module.spec.ts" name="StynxStorageModule integration &gt; hard-removes archived documents and purges all S3 versions" time="0.344093041">
        </testcase>
    </testsuite>
</testsuites>
