<?xml version="1.0" encoding="UTF-8" ?>
<testsuites name="vitest tests" tests="38" failures="0" errors="0" time="22.974381792">
    <testsuite name="test/integration/i18n.api-matrix.spec.ts" timestamp="2026-05-19T15:50:08.247Z" hostname="thiamat-1903.local" tests="6" failures="0" errors="0" skipped="0" time="10.131894416">
        <testcase classname="test/integration/i18n.api-matrix.spec.ts" name="I18nController API error matrix &gt; GET /_tenancy/i18n/overrides &gt; returns 200 with tenant overrides and request id propagation" time="0.055797709">
        </testcase>
        <testcase classname="test/integration/i18n.api-matrix.spec.ts" name="I18nController API error matrix &gt; GET /_tenancy/i18n/overrides &gt; returns 400 when tenant context is missing" time="0.002481833">
        </testcase>
        <testcase classname="test/integration/i18n.api-matrix.spec.ts" name="I18nController API error matrix &gt; GET /_tenancy/i18n/overrides &gt; returns 403 when the actor is not a member of the requested tenant" time="0.013803417">
        </testcase>
        <testcase classname="test/integration/i18n.api-matrix.spec.ts" name="I18nController API error matrix &gt; PUT /_tenancy/i18n/overrides &gt; returns 200 after updating tenant overrides" time="0.033012667">
        </testcase>
        <testcase classname="test/integration/i18n.api-matrix.spec.ts" name="I18nController API error matrix &gt; PUT /_tenancy/i18n/overrides &gt; returns 400 for malformed JSON" time="0.003343416">
        </testcase>
        <testcase classname="test/integration/i18n.api-matrix.spec.ts" name="I18nController API error matrix &gt; PUT /_tenancy/i18n/overrides &gt; returns 403 when the actor is not a member of the requested tenant" time="0.001949">
        </testcase>
    </testsuite>
    <testsuite name="test/integration/i18n.module.spec.ts" timestamp="2026-05-19T15:50:08.251Z" hostname="thiamat-1903.local" tests="1" failures="0" errors="0" skipped="0" time="12.324226959">
        <testcase classname="test/integration/i18n.module.spec.ts" name="StynxI18nModule integration &gt; resolves locale order, applies tenant overrides, renders ICU messages, and localizes errors" time="12.307588084">
        </testcase>
    </testsuite>
    <testsuite name="test/unit/catalog.spec.ts" timestamp="2026-05-19T15:50:08.259Z" hostname="thiamat-1903.local" tests="11" failures="0" errors="0" skipped="0" time="0.154996042">
        <testcase classname="test/unit/catalog.spec.ts" name="CatalogService.translate &gt; returns the locale-specific message when present" time="0.105590166">
        </testcase>
        <testcase classname="test/unit/catalog.spec.ts" name="CatalogService.translate &gt; falls back to en-US when the requested locale lacks the key" time="0.003443333">
        </testcase>
        <testcase classname="test/unit/catalog.spec.ts" name="CatalogService.translate &gt; returns the key when no catalog has the message" time="0.0051605">
        </testcase>
        <testcase classname="test/unit/catalog.spec.ts" name="CatalogService.translate &gt; uses process cwd when no workspace root is configured" time="0.007787083">
        </testcase>
        <testcase classname="test/unit/catalog.spec.ts" name="CatalogService.translate &gt; merges tenant overrides over the base catalog" time="0.0026725">
        </testcase>
        <testcase classname="test/unit/catalog.spec.ts" name="CatalogService.translate &gt; ignores override entries that do not match the i18n.override.&lt;locale&gt;.&lt;key&gt; shape" time="0.0033285">
        </testcase>
        <testcase classname="test/unit/catalog.spec.ts" name="CatalogService.supportedLocales &gt; includes every locale discovered across all packages" time="0.002203833">
        </testcase>
        <testcase classname="test/unit/catalog.spec.ts" name="CatalogService.supportedLocales &gt; always includes en-US even if no catalog file provided one" time="0.00340325">
        </testcase>
        <testcase classname="test/unit/catalog.spec.ts" name="CatalogService.supportedLocales &gt; skips package entries whose i18n path is not a directory and uses the built-in default locale" time="0.006906458">
        </testcase>
        <testcase classname="test/unit/catalog.spec.ts" name="CatalogService.supportedLocales &gt; loads tenant overrides once and reuses the cache" time="0.0050055">
        </testcase>
        <testcase classname="test/unit/catalog.spec.ts" name="CatalogService.supportedLocales &gt; reads packages-web catalogs and handles null tenant settings" time="0.008261541">
        </testcase>
    </testsuite>
    <testsuite name="test/unit/error-translator.spec.ts" timestamp="2026-05-19T15:50:08.270Z" hostname="thiamat-1903.local" tests="2" failures="0" errors="0" skipped="0" time="0.008755916">
        <testcase classname="test/unit/error-translator.spec.ts" name="ErrorTranslatorService &gt; delegates translate(key, locale, vars) to LocaleService.t" time="0.006970708">
        </testcase>
        <testcase classname="test/unit/error-translator.spec.ts" name="ErrorTranslatorService &gt; passes empty vars when none provided" time="0.00026125">
        </testcase>
    </testsuite>
    <testsuite name="test/unit/i18n-admin.service.spec.ts" timestamp="2026-05-19T15:50:08.272Z" hostname="thiamat-1903.local" tests="4" failures="0" errors="0" skipped="0" time="0.213322125">
        <testcase classname="test/unit/i18n-admin.service.spec.ts" name="I18nAdminService &gt; lists only i18n override settings for a tenant" time="0.098295459">
        </testcase>
        <testcase classname="test/unit/i18n-admin.service.spec.ts" name="I18nAdminService &gt; returns no overrides when the tenant has no settings row" time="0.057244333">
        </testcase>
        <testcase classname="test/unit/i18n-admin.service.spec.ts" name="I18nAdminService &gt; updates override settings and refreshes the catalog cache" time="0.041975208">
        </testcase>
        <testcase classname="test/unit/i18n-admin.service.spec.ts" name="I18nAdminService &gt; creates an empty override set when update input has no catalog entries" time="0.00856025">
        </testcase>
    </testsuite>
    <testsuite name="test/unit/i18n.controller.spec.ts" timestamp="2026-05-19T15:50:08.274Z" hostname="thiamat-1903.local" tests="3" failures="0" errors="0" skipped="0" time="0.008321375">
        <testcase classname="test/unit/i18n.controller.spec.ts" name="I18nController API contract &gt; uses request tenant context for list and update operations" time="0.006741208">
        </testcase>
        <testcase classname="test/unit/i18n.controller.spec.ts" name="I18nController API contract &gt; uses an empty tenant id when request context has no tenant" time="0.000661">
        </testcase>
        <testcase classname="test/unit/i18n.controller.spec.ts" name="I18nController API contract &gt; keeps override writes outside the idempotency interceptor" time="0.00017275">
        </testcase>
    </testsuite>
    <testsuite name="test/unit/locale.spec.ts" timestamp="2026-05-19T15:50:08.275Z" hostname="thiamat-1903.local" tests="8" failures="0" errors="0" skipped="0" time="0.012334584">
        <testcase classname="test/unit/locale.spec.ts" name="LocaleService &gt; returns the active request locale without patching context" time="0.004392625">
        </testcase>
        <testcase classname="test/unit/locale.spec.ts" name="LocaleService &gt; uses the first supported Accept-Language entry and patches context" time="0.001961542">
        </testcase>
        <testcase classname="test/unit/locale.spec.ts" name="LocaleService &gt; loads tenant overrides and tenant locale when the header has no supported locale" time="0.000906583">
        </testcase>
        <testcase classname="test/unit/locale.spec.ts" name="LocaleService &gt; falls through tenant lookup when settings have no locale" time="0.000748833">
        </testcase>
        <testcase classname="test/unit/locale.spec.ts" name="LocaleService &gt; falls back to pt-BR when supported and translates with explicit or contextual locale" time="0.0009045">
        </testcase>
        <testcase classname="test/unit/locale.spec.ts" name="LocaleService &gt; uses contextual locale and tenant when translate is called without explicit locale" time="0.000598375">
        </testcase>
        <testcase classname="test/unit/locale.spec.ts" name="LocaleService &gt; falls back to en-US and default translation locale when no request context is active" time="0.001051833">
        </testcase>
        <testcase classname="test/unit/locale.spec.ts" name="LocaleService &gt; uses en-US when the catalog reports no supported locales" time="0.000571917">
        </testcase>
    </testsuite>
    <testsuite name="test/unit/localized-error.filter.spec.ts" timestamp="2026-05-19T15:50:08.278Z" hostname="thiamat-1903.local" tests="3" failures="0" errors="0" skipped="0" time="0.120530375">
        <testcase classname="test/unit/localized-error.filter.spec.ts" name="LocalizedErrorFilter &gt; passes non-STYNX HTTP exceptions through unchanged" time="0.0166015">
        </testcase>
        <testcase classname="test/unit/localized-error.filter.spec.ts" name="LocalizedErrorFilter &gt; localizes STYNX errors and logs warn/error branches" time="0.071681958">
        </testcase>
        <testcase classname="test/unit/localized-error.filter.spec.ts" name="LocalizedErrorFilter &gt; rethrows unknown errors" time="0.007871833">
        </testcase>
    </testsuite>
</testsuites>
