<?xml version="1.0" encoding="UTF-8" ?>
<testsuites name="vitest tests" tests="32" failures="0" errors="0" time="10.269163334">
    <testsuite name="test/integration/i18n.module.spec.ts" timestamp="2026-05-19T05:09:45.222Z" hostname="thiamat-1903.local" tests="1" failures="0" errors="0" skipped="0" time="9.402628542">
        <testcase classname="test/integration/i18n.module.spec.ts" name="StynxI18nModule integration &gt; resolves locale order, applies tenant overrides, renders ICU messages, and localizes errors" time="9.401288708">
        </testcase>
    </testsuite>
    <testsuite name="test/unit/catalog.spec.ts" timestamp="2026-05-19T05:09:45.223Z" hostname="thiamat-1903.local" tests="11" failures="0" errors="0" skipped="0" time="0.215367542">
        <testcase classname="test/unit/catalog.spec.ts" name="CatalogService.translate &gt; returns the locale-specific message when present" time="0.02367275">
        </testcase>
        <testcase classname="test/unit/catalog.spec.ts" name="CatalogService.translate &gt; falls back to en-US when the requested locale lacks the key" time="0.007714542">
        </testcase>
        <testcase classname="test/unit/catalog.spec.ts" name="CatalogService.translate &gt; returns the key when no catalog has the message" time="0.006406292">
        </testcase>
        <testcase classname="test/unit/catalog.spec.ts" name="CatalogService.translate &gt; uses process cwd when no workspace root is configured" time="0.058503791">
        </testcase>
        <testcase classname="test/unit/catalog.spec.ts" name="CatalogService.translate &gt; merges tenant overrides over the base catalog" time="0.010110958">
        </testcase>
        <testcase classname="test/unit/catalog.spec.ts" name="CatalogService.translate &gt; ignores override entries that do not match the i18n.override.&lt;locale&gt;.&lt;key&gt; shape" time="0.014559833">
        </testcase>
        <testcase classname="test/unit/catalog.spec.ts" name="CatalogService.supportedLocales &gt; includes every locale discovered across all packages" time="0.010218834">
        </testcase>
        <testcase classname="test/unit/catalog.spec.ts" name="CatalogService.supportedLocales &gt; always includes en-US even if no catalog file provided one" time="0.014678125">
        </testcase>
        <testcase classname="test/unit/catalog.spec.ts" name="CatalogService.supportedLocales &gt; skips package entries whose i18n path is not a directory and uses the built-in default locale" time="0.018637583">
        </testcase>
        <testcase classname="test/unit/catalog.spec.ts" name="CatalogService.supportedLocales &gt; loads tenant overrides once and reuses the cache" time="0.024382709">
        </testcase>
        <testcase classname="test/unit/catalog.spec.ts" name="CatalogService.supportedLocales &gt; reads packages-web catalogs and handles null tenant settings" time="0.023658125">
        </testcase>
    </testsuite>
    <testsuite name="test/unit/error-translator.spec.ts" timestamp="2026-05-19T05:09:45.230Z" hostname="thiamat-1903.local" tests="2" failures="0" errors="0" skipped="0" time="0.013896">
        <testcase classname="test/unit/error-translator.spec.ts" name="ErrorTranslatorService &gt; delegates translate(key, locale, vars) to LocaleService.t" time="0.006136166">
        </testcase>
        <testcase classname="test/unit/error-translator.spec.ts" name="ErrorTranslatorService &gt; passes empty vars when none provided" time="0.00040425">
        </testcase>
    </testsuite>
    <testsuite name="test/unit/i18n-admin.service.spec.ts" timestamp="2026-05-19T05:09:45.231Z" hostname="thiamat-1903.local" tests="4" failures="0" errors="0" skipped="0" time="0.103302208">
        <testcase classname="test/unit/i18n-admin.service.spec.ts" name="I18nAdminService &gt; lists only i18n override settings for a tenant" time="0.039789167">
        </testcase>
        <testcase classname="test/unit/i18n-admin.service.spec.ts" name="I18nAdminService &gt; returns no overrides when the tenant has no settings row" time="0.039252167">
        </testcase>
        <testcase classname="test/unit/i18n-admin.service.spec.ts" name="I18nAdminService &gt; updates override settings and refreshes the catalog cache" time="0.013860375">
        </testcase>
        <testcase classname="test/unit/i18n-admin.service.spec.ts" name="I18nAdminService &gt; creates an empty override set when update input has no catalog entries" time="0.002282625">
        </testcase>
    </testsuite>
    <testsuite name="test/unit/i18n.controller.spec.ts" timestamp="2026-05-19T05:09:45.233Z" hostname="thiamat-1903.local" tests="3" failures="0" errors="0" skipped="0" time="0.008263042">
        <testcase classname="test/unit/i18n.controller.spec.ts" name="I18nController API contract &gt; uses request tenant context for list and update operations" time="0.0061355">
        </testcase>
        <testcase classname="test/unit/i18n.controller.spec.ts" name="I18nController API contract &gt; uses an empty tenant id when request context has no tenant" time="0.000617125">
        </testcase>
        <testcase classname="test/unit/i18n.controller.spec.ts" name="I18nController API contract &gt; keeps override writes outside the idempotency interceptor" time="0.000270334">
        </testcase>
    </testsuite>
    <testsuite name="test/unit/locale.spec.ts" timestamp="2026-05-19T05:09:45.235Z" hostname="thiamat-1903.local" tests="8" failures="0" errors="0" skipped="0" time="0.289275666">
        <testcase classname="test/unit/locale.spec.ts" name="LocaleService &gt; returns the active request locale without patching context" time="0.014938834">
        </testcase>
        <testcase classname="test/unit/locale.spec.ts" name="LocaleService &gt; uses the first supported Accept-Language entry and patches context" time="0.008567625">
        </testcase>
        <testcase classname="test/unit/locale.spec.ts" name="LocaleService &gt; loads tenant overrides and tenant locale when the header has no supported locale" time="0.064957583">
        </testcase>
        <testcase classname="test/unit/locale.spec.ts" name="LocaleService &gt; falls through tenant lookup when settings have no locale" time="0.109974375">
        </testcase>
        <testcase classname="test/unit/locale.spec.ts" name="LocaleService &gt; falls back to pt-BR when supported and translates with explicit or contextual locale" time="0.017822833">
        </testcase>
        <testcase classname="test/unit/locale.spec.ts" name="LocaleService &gt; uses contextual locale and tenant when translate is called without explicit locale" time="0.058900417">
        </testcase>
        <testcase classname="test/unit/locale.spec.ts" name="LocaleService &gt; falls back to en-US and default translation locale when no request context is active" time="0.003685">
        </testcase>
        <testcase classname="test/unit/locale.spec.ts" name="LocaleService &gt; uses en-US when the catalog reports no supported locales" time="0.000486375">
        </testcase>
    </testsuite>
    <testsuite name="test/unit/localized-error.filter.spec.ts" timestamp="2026-05-19T05:09:45.238Z" hostname="thiamat-1903.local" tests="3" failures="0" errors="0" skipped="0" time="0.236430334">
        <testcase classname="test/unit/localized-error.filter.spec.ts" name="LocalizedErrorFilter &gt; passes non-STYNX HTTP exceptions through unchanged" time="0.091150125">
        </testcase>
        <testcase classname="test/unit/localized-error.filter.spec.ts" name="LocalizedErrorFilter &gt; localizes STYNX errors and logs warn/error branches" time="0.100042958">
        </testcase>
        <testcase classname="test/unit/localized-error.filter.spec.ts" name="LocalizedErrorFilter &gt; rethrows unknown errors" time="0.001779">
        </testcase>
    </testsuite>
</testsuites>
