<?xml version="1.0" encoding="UTF-8" ?>
<testsuites name="vitest tests" tests="29" failures="0" errors="0" time="1.560385961">
    <testsuite name="test/adopt.spec.ts" timestamp="2026-05-19T05:09:24.822Z" hostname="thiamat-1903.local" tests="2" failures="0" errors="0" skipped="0" time="0.168616542">
        <testcase classname="test/adopt.spec.ts" name="adopt command family &gt; is idempotent on the fixture repo" time="0.113808459">
        </testcase>
        <testcase classname="test/adopt.spec.ts" name="adopt command family &gt; handles clean reports, skipped directories, dry-runs, and mixed schema generation" time="0.051732958">
        </testcase>
    </testsuite>
    <testsuite name="test/audit.spec.ts" timestamp="2026-05-19T05:09:24.849Z" hostname="thiamat-1903.local" tests="1" failures="0" errors="0" skipped="0" time="0.022440334">
        <testcase classname="test/audit.spec.ts" name="verifyAuditChain &gt; uses the default pg client factory when no override is supplied" time="0.011787542">
        </testcase>
    </testsuite>
    <testsuite name="test/cli-program.spec.ts" timestamp="2026-05-19T05:09:24.850Z" hostname="thiamat-1903.local" tests="4" failures="0" errors="0" skipped="0" time="0.222596">
        <testcase classname="test/cli-program.spec.ts" name="buildProgram &gt; runs init, doctor, and privacy commands" time="0.0186275">
        </testcase>
        <testcase classname="test/cli-program.spec.ts" name="buildProgram &gt; runs migration commands and emits JSON output" time="0.016337875">
        </testcase>
        <testcase classname="test/cli-program.spec.ts" name="buildProgram &gt; runs audit verification in json, valid-human, and broken-human modes" time="0.004599666">
        </testcase>
        <testcase classname="test/cli-program.spec.ts" name="buildProgram &gt; runs adoption scan/apply/link commands" time="0.180116791">
        </testcase>
    </testsuite>
    <testsuite name="test/cli.spec.ts" timestamp="2026-05-19T05:09:24.853Z" hostname="thiamat-1903.local" tests="11" failures="0" errors="0" skipped="0" time="1.051091709">
        <testcase classname="test/cli.spec.ts" name="@stynx/cli &gt; scaffolds a consumer app skeleton" time="0.040084042">
        </testcase>
        <testcase classname="test/cli.spec.ts" name="@stynx/cli &gt; scaffolds without Angular files when angular=false" time="0.078391625">
        </testcase>
        <testcase classname="test/cli.spec.ts" name="@stynx/cli &gt; runs doctor against a fixture directory" time="0.4349205">
        </testcase>
        <testcase classname="test/cli.spec.ts" name="@stynx/cli &gt; reports doctor spawn failures with fallback exit code and empty output strings" time="0.391905208">
        </testcase>
        <testcase classname="test/cli.spec.ts" name="@stynx/cli &gt; generates ROPA markdown from privacy yaml" time="0.005676791">
        </testcase>
        <testcase classname="test/cli.spec.ts" name="@stynx/cli &gt; generates empty and retention-aware ROPA markdown" time="0.006102167">
        </testcase>
        <testcase classname="test/cli.spec.ts" name="@stynx/cli &gt; scans and applies the neutral adoption fixture with richer outputs" time="0.031669708">
        </testcase>
        <testcase classname="test/cli.spec.ts" name="@stynx/cli &gt; matches cognito users by email" time="0.000324833">
        </testcase>
        <testcase classname="test/cli.spec.ts" name="@stynx/cli &gt; verifies audit hash chains across tenants" time="0.000668333">
        </testcase>
        <testcase classname="test/cli.spec.ts" name="@stynx/cli &gt; verifies one audit tenant, clamps invalid limits, and always closes the client" time="0.001096209">
        </testcase>
        <testcase classname="test/cli.spec.ts" name="@stynx/cli &gt; clamps audit limits above the maximum" time="0.000542458">
        </testcase>
    </testsuite>
    <testsuite name="test/doctor.spec.ts" timestamp="2026-05-19T05:09:24.866Z" hostname="thiamat-1903.local" tests="1" failures="0" errors="0" skipped="0" time="0.018200334">
        <testcase classname="test/doctor.spec.ts" name="runDoctor &gt; normalizes nullish spawn status and captured output" time="0.009140208">
        </testcase>
    </testsuite>
    <testsuite name="test/migrate.spec.ts" timestamp="2026-05-19T05:09:24.870Z" hostname="thiamat-1903.local" tests="10" failures="0" errors="0" skipped="0" time="0.077441042">
        <testcase classname="test/migrate.spec.ts" name="migrate command surface &gt; reports pending/applied/rollbackable migrations" time="0.007617958">
        </testcase>
        <testcase classname="test/migrate.spec.ts" name="migrate command surface &gt; uses the default pg client factory when no factory override is supplied" time="0.021071792">
        </testcase>
        <testcase classname="test/migrate.spec.ts" name="migrate command surface &gt; applies, rolls back, and redoes paired migrations" time="0.025364083">
        </testcase>
        <testcase classname="test/migrate.spec.ts" name="migrate command surface &gt; lists migrations and supports dry-run up/down/redo without applying changes" time="0.003939">
        </testcase>
        <testcase classname="test/migrate.spec.ts" name="migrate command surface &gt; uses the default platform migration directory when none is supplied" time="0.000865375">
        </testcase>
        <testcase classname="test/migrate.spec.ts" name="migrate command surface &gt; rejects rollback of migrations without a down pair" time="0.003130875">
        </testcase>
        <testcase classname="test/migrate.spec.ts" name="migrate command surface &gt; keeps dry-run rollback validation for migrations without a down pair" time="0.00241925">
        </testcase>
        <testcase classname="test/migrate.spec.ts" name="migrate command surface &gt; fails redo when a migration file disappears between rollback and replay" time="0.003007167">
        </testcase>
        <testcase classname="test/migrate.spec.ts" name="migrate command surface &gt; rolls back SQL transactions when migration up or down execution fails" time="0.005653625">
        </testcase>
        <testcase classname="test/migrate.spec.ts" name="migrate command surface &gt; promotes bootstrap objects when the extension migration is already applied or just applied" time="0.0022985">
        </testcase>
    </testsuite>
</testsuites>
