<?xml version="1.0" encoding="UTF-8" ?>
<testsuites name="vitest tests" tests="19" failures="0" errors="0" time="0.04844775">
    <testsuite name="test/runtime.spec.ts" timestamp="2026-05-20T03:43:00.044Z" hostname="thiamat-1903.local" tests="10" failures="0" errors="0" skipped="0" time="0.041257875">
        <testcase classname="test/runtime.spec.ts" name="@stynx-web/sdk runtime helpers &gt; hydrates, derives, expires, and clears frontend sessions" time="0.003006333">
        </testcase>
        <testcase classname="test/runtime.spec.ts" name="@stynx-web/sdk runtime helpers &gt; supports custom claim keys and invalid token fallbacks" time="0.000979375">
        </testcase>
        <testcase classname="test/runtime.spec.ts" name="@stynx-web/sdk runtime helpers &gt; derives tenant identifiers from fallback claims and empty claims" time="0.0028">
        </testcase>
        <testcase classname="test/runtime.spec.ts" name="@stynx-web/sdk runtime helpers &gt; stores tokens in memory and browser-local storage variants" time="0.003309208">
        </testcase>
        <testcase classname="test/runtime.spec.ts" name="@stynx-web/sdk runtime helpers &gt; uses global localStorage when no storage provider is supplied" time="0.00065525">
        </testcase>
        <testcase classname="test/runtime.spec.ts" name="@stynx-web/sdk runtime helpers &gt; falls back to unavailable storage when global localStorage is absent" time="0.000398">
        </testcase>
        <testcase classname="test/runtime.spec.ts" name="@stynx-web/sdk runtime helpers &gt; evaluates frontend authorization helpers case-insensitively" time="0.000543958">
        </testcase>
        <testcase classname="test/runtime.spec.ts" name="@stynx-web/sdk runtime helpers &gt; builds Cognito URLs and parses JWT payloads" time="0.026949625">
        </testcase>
        <testcase classname="test/runtime.spec.ts" name="@stynx-web/sdk runtime helpers &gt; sends StynxApiClient requests with auth, tenant, body, query, and response variants" time="0.0010415">
        </testcase>
        <testcase classname="test/runtime.spec.ts" name="@stynx-web/sdk runtime helpers &gt; surfaces StynxApiClient error responses" time="0.000262709">
        </testcase>
    </testsuite>
    <testsuite name="test/transport.spec.ts" timestamp="2026-05-20T03:43:00.071Z" hostname="thiamat-1903.local" tests="9" failures="0" errors="0" skipped="0" time="0.007189875">
        <testcase classname="test/transport.spec.ts" name="@stynx-web/sdk transport &gt; injects bearer and tenant headers on requests" time="0.002033791">
        </testcase>
        <testcase classname="test/transport.spec.ts" name="@stynx-web/sdk transport &gt; preserves caller headers and omits empty query and tenant values" time="0.001181917">
        </testcase>
        <testcase classname="test/transport.spec.ts" name="@stynx-web/sdk transport &gt; omits empty query strings and forwards request signal options" time="0.000143791">
        </testcase>
        <testcase classname="test/transport.spec.ts" name="@stynx-web/sdk transport &gt; uses client method default options and parses empty or inferred JSON bodies" time="0.000346125">
        </testcase>
        <testcase classname="test/transport.spec.ts" name="@stynx-web/sdk transport &gt; refreshes once after a 401 and replays the request" time="0.000226041">
        </testcase>
        <testcase classname="test/transport.spec.ts" name="@stynx-web/sdk transport &gt; maps response codes to typed error instances and calls onAuthFailure after unrecoverable 401" time="0.001256416">
        </testcase>
        <testcase classname="test/transport.spec.ts" name="@stynx-web/sdk transport &gt; preserves content-type headers and surfaces repeated 401 responses after refresh" time="0.000653083">
        </testcase>
        <testcase classname="test/transport.spec.ts" name="@stynx-web/sdk transport &gt; maps remaining status codes and validation code suffixes" time="0.000429">
        </testcase>
        <testcase classname="test/transport.spec.ts" name="@stynx-web/sdk transport &gt; maps context payloads and 401 responses without an auth provider" time="0.000196375">
        </testcase>
    </testsuite>
</testsuites>
