<?xml version="1.0" encoding="UTF-8" ?>
<testsuites name="vitest tests" tests="232" failures="0" errors="0" time="0.70759446">
    <testsuite name="test/unit/audit-export.spec.ts" timestamp="2026-05-20T03:44:21.933Z" hostname="thiamat-1903.local" tests="1" failures="0" errors="0" skipped="0" time="0.009947333">
        <testcase classname="test/unit/audit-export.spec.ts" name="@stynx/backend exports surface for audit &gt; barrel surfaces at least one export" time="0.008177667">
        </testcase>
    </testsuite>
    <testsuite name="test/unit/audit.interceptor.spec.ts" timestamp="2026-05-20T03:44:21.935Z" hostname="thiamat-1903.local" tests="8" failures="0" errors="0" skipped="0" time="0.012258458">
        <testcase classname="test/unit/audit.interceptor.spec.ts" name="AuditInterceptor &gt; passes through when no audit metadata is set on the handler" time="0.005565709">
        </testcase>
        <testcase classname="test/unit/audit.interceptor.spec.ts" name="AuditInterceptor &gt; writes an envelope with action/entity/entityId/tenantId/actorId/role" time="0.002522666">
        </testcase>
        <testcase classname="test/unit/audit.interceptor.spec.ts" name="AuditInterceptor &gt; falls back to the controller class name when entity is not set" time="0.000359541">
        </testcase>
        <testcase classname="test/unit/audit.interceptor.spec.ts" name="AuditInterceptor &gt; honors entityIdSelector and metadataSelector" time="0.00024025">
        </testcase>
        <testcase classname="test/unit/audit.interceptor.spec.ts" name="AuditInterceptor &gt; runs metadata through the redaction policy when configured" time="0.0002575">
        </testcase>
        <testcase classname="test/unit/audit.interceptor.spec.ts" name="AuditInterceptor &gt; omits entityId when inference yields nothing" time="0.000395084">
        </testcase>
        <testcase classname="test/unit/audit.interceptor.spec.ts" name="AuditInterceptor &gt; logs but does not fail the request when sink.write throws" time="0.00121425">
        </testcase>
        <testcase classname="test/unit/audit.interceptor.spec.ts" name="AuditInterceptor &gt; propagates handler errors" time="0.001034">
        </testcase>
    </testsuite>
    <testsuite name="test/unit/auth-context.guard.spec.ts" timestamp="2026-05-20T03:44:21.939Z" hostname="thiamat-1903.local" tests="11" failures="0" errors="0" skipped="0" time="0.013001042">
        <testcase classname="test/unit/auth-context.guard.spec.ts" name="AuthContextGuard &gt; throws Unauthorized when verifier returns no principal" time="0.006299375">
        </testcase>
        <testcase classname="test/unit/auth-context.guard.spec.ts" name="AuthContextGuard &gt; attaches principal + compatibility user/actor + tenantId on the request" time="0.000960792">
        </testcase>
        <testcase classname="test/unit/auth-context.guard.spec.ts" name="AuthContextGuard &gt; uses tenantResolver when configured and respects its result" time="0.001147958">
        </testcase>
        <testcase classname="test/unit/auth-context.guard.spec.ts" name="AuthContextGuard &gt; honors x-tenant-id header when no resolver is configured" time="0.000145">
        </testcase>
        <testcase classname="test/unit/auth-context.guard.spec.ts" name="AuthContextGuard &gt; selects the single principal tenant when no header and resolver absent" time="0.000101916">
        </testcase>
        <testcase classname="test/unit/auth-context.guard.spec.ts" name="AuthContextGuard &gt; leaves tenantId undefined when principal has multiple tenants and no header/resolver" time="0.000116833">
        </testcase>
        <testcase classname="test/unit/auth-context.guard.spec.ts" name="AuthContextGuard &gt; throws Forbidden when tenantEntitlementPolicy denies the tenant" time="0.000205167">
        </testcase>
        <testcase classname="test/unit/auth-context.guard.spec.ts" name="AuthContextGuard &gt; passes through when tenantEntitlementPolicy approves" time="0.000187875">
        </testcase>
        <testcase classname="test/unit/auth-context.guard.spec.ts" name="AuthContextGuard &gt; honors a custom principalMapper when provided" time="0.000173708">
        </testcase>
        <testcase classname="test/unit/auth-context.guard.spec.ts" name="AuthContextGuard &gt; accepts array-form authorization header (passed through to verifier)" time="0.000251875">
        </testcase>
        <testcase classname="test/unit/auth-context.guard.spec.ts" name="AuthContextGuard &gt; preserves correlationId in principalContext when present" time="0.000098458">
        </testcase>
    </testsuite>
    <testsuite name="test/unit/auth-export.spec.ts" timestamp="2026-05-20T03:44:21.946Z" hostname="thiamat-1903.local" tests="1" failures="0" errors="0" skipped="0" time="0.003842959">
        <testcase classname="test/unit/auth-export.spec.ts" name="@stynx/backend exports surface for auth &gt; barrel surfaces at least one export" time="0.002233959">
        </testcase>
    </testsuite>
    <testsuite name="test/unit/authorization-export.spec.ts" timestamp="2026-05-20T03:44:21.947Z" hostname="thiamat-1903.local" tests="1" failures="0" errors="0" skipped="0" time="0.001303042">
        <testcase classname="test/unit/authorization-export.spec.ts" name="@stynx/backend exports surface for authorization &gt; barrel surfaces at least one export" time="0.000683708">
        </testcase>
    </testsuite>
    <testsuite name="test/unit/behavior-coverage.spec.ts" timestamp="2026-05-20T03:44:21.947Z" hostname="thiamat-1903.local" tests="42" failures="0" errors="0" skipped="0" time="0.024562709">
        <testcase classname="test/unit/behavior-coverage.spec.ts" name="backend SLA behavior &gt; resolves URL categories and falls back to NONE" time="0.000964">
        </testcase>
        <testcase classname="test/unit/behavior-coverage.spec.ts" name="backend SLA behavior &gt; samples requests, skips NONE categories, aggregates by window, and records errors" time="0.003729625">
        </testcase>
        <testcase classname="test/unit/behavior-coverage.spec.ts" name="backend SLA behavior &gt; wires SLA module defaults and logger sink warning branch" time="0.000424708">
        </testcase>
        <testcase classname="test/unit/behavior-coverage.spec.ts" name="backend SLA behavior &gt; describes branch: default SLA dependencies resolve URL and sample through logger sink" time="0.002310291">
        </testcase>
        <testcase classname="test/unit/behavior-coverage.spec.ts" name="backend SLA behavior &gt; describes branch: unknown SLA category uses fallback threshold and default percentile index" time="0.000419958">
        </testcase>
        <testcase classname="test/unit/behavior-coverage.spec.ts" name="backend SLA behavior &gt; describes branch: zero-sized SLA windows aggregate empty percentile histories" time="0.000243959">
        </testcase>
        <testcase classname="test/unit/behavior-coverage.spec.ts" name="backend authorization and auth behavior &gt; evaluates role and permission policies with all/any modes" time="0.000242667">
        </testcase>
        <testcase classname="test/unit/behavior-coverage.spec.ts" name="backend authorization and auth behavior &gt; guards authorization metadata with default and injected evaluators" time="0.000642708">
        </testcase>
        <testcase classname="test/unit/behavior-coverage.spec.ts" name="backend authorization and auth behavior &gt; describes branch: authorization default evaluator receives role-only and permission-only metadata" time="0.000155417">
        </testcase>
        <testcase classname="test/unit/behavior-coverage.spec.ts" name="backend authorization and auth behavior &gt; maps principals from request compatibility locations" time="0.000521125">
        </testcase>
        <testcase classname="test/unit/behavior-coverage.spec.ts" name="backend authorization and auth behavior &gt; describes branch: actor fallback preserves optional email and username" time="0.000071292">
        </testcase>
        <testcase classname="test/unit/behavior-coverage.spec.ts" name="backend authorization and auth behavior &gt; describes branch: actor fallback defaults malformed principal arrays" time="0.000111625">
        </testcase>
        <testcase classname="test/unit/behavior-coverage.spec.ts" name="backend authorization and auth behavior &gt; resolves tenant headers and claim-first entitlement branches" time="0.000531333">
        </testcase>
        <testcase classname="test/unit/behavior-coverage.spec.ts" name="backend authorization and auth behavior &gt; auth guard attaches principal context and resolves tenant paths" time="0.000356375">
        </testcase>
        <testcase classname="test/unit/behavior-coverage.spec.ts" name="backend authorization and auth behavior &gt; describes branch: auth guard accepts non-string array headers and omits blank resolver header" time="0.000615792">
        </testcase>
        <testcase classname="test/unit/behavior-coverage.spec.ts" name="backend authorization and auth behavior &gt; describes branch: auth guard extracts array tenant headers and omits undefined claims spread" time="0.000130958">
        </testcase>
        <testcase classname="test/unit/behavior-coverage.spec.ts" name="backend module wiring branches &gt; wires optional module providers and disabled platform pipeline features" time="0.000660583">
        </testcase>
        <testcase classname="test/unit/behavior-coverage.spec.ts" name="backend module wiring branches &gt; wires db-context variants and validates missing applier config" time="0.00027525">
        </testcase>
        <testcase classname="test/unit/behavior-coverage.spec.ts" name="backend idempotency behavior &gt; bypasses read methods and optional write keys" time="0.00038725">
        </testcase>
        <testcase classname="test/unit/behavior-coverage.spec.ts" name="backend idempotency behavior &gt; describes branch: header arrays without strings and missing methods bypass idempotency" time="0.000195959">
        </testcase>
        <testcase classname="test/unit/behavior-coverage.spec.ts" name="backend idempotency behavior &gt; rejects missing keys and strict non-durable writes" time="0.000239875">
        </testcase>
        <testcase classname="test/unit/behavior-coverage.spec.ts" name="backend idempotency behavior &gt; caches in-memory writes, replays them, and detects payload conflicts" time="0.001213708">
        </testcase>
        <testcase classname="test/unit/behavior-coverage.spec.ts" name="backend idempotency behavior &gt; waits on in-flight in-memory work for concurrent matching writes" time="0.000240208">
        </testcase>
        <testcase classname="test/unit/behavior-coverage.spec.ts" name="backend idempotency behavior &gt; describes branch: in-memory execution defaults status and path when response/url absent" time="0.000138792">
        </testcase>
        <testcase classname="test/unit/behavior-coverage.spec.ts" name="backend idempotency behavior &gt; describes branch: idempotency accepts array-form key headers" time="0.000107333">
        </testcase>
        <testcase classname="test/unit/behavior-coverage.spec.ts" name="backend idempotency behavior &gt; uses durable entries, reservations, races, fallbacks, and cleanup branches" time="0.000793292">
        </testcase>
        <testcase classname="test/unit/behavior-coverage.spec.ts" name="backend idempotency behavior &gt; clears durable reservations on handler errors and enforces strict race failure" time="0.000438041">
        </testcase>
        <testcase classname="test/unit/behavior-coverage.spec.ts" name="backend idempotency behavior &gt; covers durable direct replay, conflict, wait timeout, and cache cleanup" time="0.003534042">
        </testcase>
        <testcase classname="test/unit/behavior-coverage.spec.ts" name="backend idempotency behavior &gt; describes branch: durable replay/cache paths default status codes" time="0.00046475">
        </testcase>
        <testcase classname="test/unit/behavior-coverage.spec.ts" name="backend idempotency behavior &gt; describes branch: durable wait and fallback paths default missing status codes" time="0.000289333">
        </testcase>
        <testcase classname="test/unit/behavior-coverage.spec.ts" name="backend idempotency behavior &gt; describes branch: durable local replay returns before another lookup" time="0.000224542">
        </testcase>
        <testcase classname="test/unit/behavior-coverage.spec.ts" name="backend rate-limit behavior &gt; bypasses health checks and enforces in-memory buckets" time="0.000292583">
        </testcase>
        <testcase classname="test/unit/behavior-coverage.spec.ts" name="backend rate-limit behavior &gt; describes branch: rate-limit defaults request identity and constructor options" time="0.000069916">
        </testcase>
        <testcase classname="test/unit/behavior-coverage.spec.ts" name="backend rate-limit behavior &gt; resets expired buckets and prunes overflow entries" time="0.000138916">
        </testcase>
        <testcase classname="test/unit/behavior-coverage.spec.ts" name="backend rate-limit behavior &gt; uses distributed stores, cleanup, fallback, and strict failures" time="0.000426375">
        </testcase>
        <testcase classname="test/unit/behavior-coverage.spec.ts" name="backend rate-limit behavior &gt; covers in-memory bucket increment, cleanup no-op, cleanup error, and overflow deletion" time="0.000195625">
        </testcase>
        <testcase classname="test/unit/behavior-coverage.spec.ts" name="backend rate-limit behavior &gt; describes branch: distributed cleanup no-ops when store lacks cleanup method" time="0.000070167">
        </testcase>
        <testcase classname="test/unit/behavior-coverage.spec.ts" name="backend audit and db context branch closure &gt; describes branch: audit logs non-Error sink failures and omits optional principal fields" time="0.000565958">
        </testcase>
        <testcase classname="test/unit/behavior-coverage.spec.ts" name="backend audit and db context branch closure &gt; describes branch: audit redaction context includes present principal" time="0.00023275">
        </testcase>
        <testcase classname="test/unit/behavior-coverage.spec.ts" name="backend audit and db context branch closure &gt; describes branch: db context finalizer skips release when preparation never completed" time="0.000300708">
        </testcase>
        <testcase classname="test/unit/behavior-coverage.spec.ts" name="backend audit and db context branch closure &gt; describes branch: session applier drops blank list/scalar values" time="0.000280167">
        </testcase>
        <testcase classname="test/unit/behavior-coverage.spec.ts" name="backend audit and db context branch closure &gt; describes branch: tenant lifecycle tolerates missing headers object" time="0.000122792">
        </testcase>
    </testsuite>
    <testsuite name="test/unit/common-export.spec.ts" timestamp="2026-05-20T03:44:21.966Z" hostname="thiamat-1903.local" tests="1" failures="0" errors="0" skipped="0" time="0.006282292">
        <testcase classname="test/unit/common-export.spec.ts" name="@stynx/backend exports surface for common &gt; barrel surfaces at least one export" time="0.005027041">
        </testcase>
    </testsuite>
    <testsuite name="test/unit/db-context-export.spec.ts" timestamp="2026-05-20T03:44:21.967Z" hostname="thiamat-1903.local" tests="1" failures="0" errors="0" skipped="0" time="0.056347333">
        <testcase classname="test/unit/db-context-export.spec.ts" name="@stynx/backend exports surface for db-context &gt; barrel surfaces at least one export" time="0.014073042">
        </testcase>
    </testsuite>
    <testsuite name="test/unit/db-context.interceptor.spec.ts" timestamp="2026-05-20T03:44:21.967Z" hostname="thiamat-1903.local" tests="15" failures="0" errors="0" skipped="0" time="0.007051125">
        <testcase classname="test/unit/db-context.interceptor.spec.ts" name="DbContextInterceptor &gt; skips applier when there is no principal on the request" time="0.001876375">
        </testcase>
        <testcase classname="test/unit/db-context.interceptor.spec.ts" name="DbContextInterceptor &gt; skips applier when no client is resolvable" time="0.00020525">
        </testcase>
        <testcase classname="test/unit/db-context.interceptor.spec.ts" name="DbContextInterceptor &gt; applies session context when principal + pgClient are present" time="0.00160775">
        </testcase>
        <testcase classname="test/unit/db-context.interceptor.spec.ts" name="DbContextInterceptor &gt; uses a custom dbClientResolver when provided" time="0.00049225">
        </testcase>
        <testcase classname="test/unit/db-context.interceptor.spec.ts" name="DbContextInterceptor &gt; acquires + releases via lifecycle when no client is on the request" time="0.000664">
        </testcase>
        <testcase classname="test/unit/db-context.interceptor.spec.ts" name="DbContextInterceptor &gt; continues without applying db context when lifecycle acquisition returns nothing" time="0.00031875">
        </testcase>
        <testcase classname="test/unit/db-context.interceptor.spec.ts" name="DbContextInterceptor &gt; does not call release when no client was acquired by the interceptor" time="0.000174875">
        </testcase>
        <testcase classname="test/unit/db-context.interceptor.spec.ts" name="DbContextInterceptor &gt; swallows release errors so they do not bubble out of the request" time="0.000470292">
        </testcase>
        <testcase classname="test/unit/db-context.interceptor.spec.ts" name="DbContextInterceptor &gt; skips lifecycle acquire when no tenantId is on the request" time="0.000140042">
        </testcase>
        <testcase classname="test/unit/db-context.interceptor.spec.ts" name="getPrincipalFromRequest &gt; returns request.principal when present" time="0.000074542">
        </testcase>
        <testcase classname="test/unit/db-context.interceptor.spec.ts" name="getPrincipalFromRequest &gt; falls back to principalContext.principal" time="0.000065875">
        </testcase>
        <testcase classname="test/unit/db-context.interceptor.spec.ts" name="getPrincipalFromRequest &gt; falls back to request.user" time="0.000062667">
        </testcase>
        <testcase classname="test/unit/db-context.interceptor.spec.ts" name="getPrincipalFromRequest &gt; falls back to request.actor" time="0.000055084">
        </testcase>
        <testcase classname="test/unit/db-context.interceptor.spec.ts" name="getPrincipalFromRequest &gt; returns undefined when no principal sources are present" time="0.000054583">
        </testcase>
        <testcase classname="test/unit/db-context.interceptor.spec.ts" name="getPrincipalFromRequest &gt; treats non-array roles/permissions/tenants/claims on user as empty/defaults" time="0.00009025">
        </testcase>
    </testsuite>
    <testsuite name="test/unit/decorators.spec.ts" timestamp="2026-05-20T03:44:21.976Z" hostname="thiamat-1903.local" tests="3" failures="0" errors="0" skipped="0" time="0.020523708">
        <testcase classname="test/unit/decorators.spec.ts" name="backend decorators &gt; attaches authorization and audit metadata" time="0.007999625">
        </testcase>
        <testcase classname="test/unit/decorators.spec.ts" name="backend decorators &gt; exports the current-principal decorator factory" time="0.000144042">
        </testcase>
        <testcase classname="test/unit/decorators.spec.ts" name="backend decorators &gt; resolves the current principal from request metadata" time="0.000230291">
        </testcase>
    </testsuite>
    <testsuite name="test/unit/idempotency-export.spec.ts" timestamp="2026-05-20T03:44:21.978Z" hostname="thiamat-1903.local" tests="1" failures="0" errors="0" skipped="0" time="0.001473208">
        <testcase classname="test/unit/idempotency-export.spec.ts" name="@stynx/backend exports surface for idempotency &gt; barrel surfaces at least one export" time="0.000680708">
        </testcase>
    </testsuite>
    <testsuite name="test/unit/identity-admin-export.spec.ts" timestamp="2026-05-20T03:44:21.978Z" hostname="thiamat-1903.local" tests="1" failures="0" errors="0" skipped="0" time="0.05923525">
        <testcase classname="test/unit/identity-admin-export.spec.ts" name="@stynx/backend exports surface for identity-admin &gt; barrel surfaces at least one export" time="0.050306167">
        </testcase>
    </testsuite>
    <testsuite name="test/unit/identity-admin.service.spec.ts" timestamp="2026-05-20T03:44:21.979Z" hostname="thiamat-1903.local" tests="16" failures="0" errors="0" skipped="0" time="0.123494791">
        <testcase classname="test/unit/identity-admin.service.spec.ts" name="IdentityAdminService &gt; delegates list/get/update/disable/enable to the adapter" time="0.002818042">
        </testcase>
        <testcase classname="test/unit/identity-admin.service.spec.ts" name="IdentityAdminService &gt; delegates group / password / verify operations" time="0.000631417">
        </testcase>
        <testcase classname="test/unit/identity-admin.service.spec.ts" name="IdentityAdminService &gt; throws ServiceUnavailableException for getUserBySubject when adapter lacks support" time="0.000862792">
        </testcase>
        <testcase classname="test/unit/identity-admin.service.spec.ts" name="IdentityAdminService &gt; delegates getUserBySubject when the adapter supports it" time="0.0004995">
        </testcase>
        <testcase classname="test/unit/identity-admin.service.spec.ts" name="IdentityAdminService &gt; throws ServiceUnavailableException for setUserPassword when adapter lacks support" time="0.000266208">
        </testcase>
        <testcase classname="test/unit/identity-admin.service.spec.ts" name="IdentityAdminService &gt; throws ServiceUnavailableException for verifyUserChannels when adapter lacks support" time="0.001112666">
        </testcase>
        <testcase classname="test/unit/identity-admin.service.spec.ts" name="IdentityAdminService &gt; IdentityAdminError → HttpException mapping &gt; IDENTITY_NOT_FOUND maps to %p class NotFoundException extends http_exception_1.HttpException {
    /**
     * Instantiate a `NotFoundException` Exception.
     *
     * @example
     * `throw new NotFoundException()`
     *
     * @usageNotes
     * The HTTP response status code will be 404.
     * - The `objectOrError` argument defines the JSON response body or the message string.
     * - The `descriptionOrOptions` argument contains either a short description of the HTTP error or an options object used to provide an underlying error cause.
     *
     * By default, the JSON response body contains two properties:
     * - `statusCode`: this will be the value 404.
     * - `message`: the string `&apos;Not Found&apos;` by default; override this by supplying
     * a string in the `objectOrError` parameter.
     *
     * If the parameter `objectOrError` is a string, the response body will contain an
     * additional property, `error`, with a short description of the HTTP error. To override the
     * entire JSON response body, pass an object instead. Nest will serialize the object
     * and return it as the JSON response body.
     *
     * @param objectOrError string or object describing the error condition.
     * @param descriptionOrOptions either a short description of the HTTP error or an options object used to provide an underlying error cause
     */
    constructor(objectOrError, descriptionOrOptions = &apos;Not Found&apos;) {
        const { description, httpExceptionOptions } = http_exception_1.HttpException.extractDescriptionAndOptionsFrom(descriptionOrOptions);
        super(http_exception_1.HttpException.createBody(objectOrError, description, http_status_enum_1.HttpStatus.NOT_FOUND), http_status_enum_1.HttpStatus.NOT_FOUND, httpExceptionOptions);
    }
}" time="0.002875">
        </testcase>
        <testcase classname="test/unit/identity-admin.service.spec.ts" name="IdentityAdminService &gt; IdentityAdminError → HttpException mapping &gt; IDENTITY_FORBIDDEN maps to %p class ForbiddenException extends http_exception_1.HttpException {
    /**
     * Instantiate a `ForbiddenException` Exception.
     *
     * @example
     * `throw new ForbiddenException()`
     *
     * @usageNotes
     * The HTTP response status code will be 403.
     * - The `objectOrError` argument defines the JSON response body or the message string.
     * - The `descriptionOrOptions` argument contains either a short description of the HTTP error or an options object used to provide an underlying error cause.
     *
     * By default, the JSON response body contains two properties:
     * - `statusCode`: this will be the value 403.
     * - `message`: the string `&apos;Forbidden&apos;` by default; override this by supplying
     * a string in the `objectOrError` parameter.
     *
     * If the parameter `objectOrError` is a string, the response body will contain an
     * additional property, `error`, with a short description of the HTTP error. To override the
     * entire JSON response body, pass an object instead. Nest will serialize the object
     * and return it as the JSON response body.
     *
     * @param objectOrError string or object describing the error condition.
     * @param descriptionOrOptions either a short description of the HTTP error or an options object used to provide an underlying error cause
     */
    constructor(objectOrError, descriptionOrOptions = &apos;Forbidden&apos;) {
        const { description, httpExceptionOptions } = http_exception_1.HttpException.extractDescriptionAndOptionsFrom(descriptionOrOptions);
        super(http_exception_1.HttpException.createBody(objectOrError, description, http_status_enum_1.HttpStatus.FORBIDDEN), http_status_enum_1.HttpStatus.FORBIDDEN, httpExceptionOptions);
    }
}" time="0.001241458">
        </testcase>
        <testcase classname="test/unit/identity-admin.service.spec.ts" name="IdentityAdminService &gt; IdentityAdminError → HttpException mapping &gt; IDENTITY_CONFLICT maps to %p class ConflictException extends http_exception_1.HttpException {
    /**
     * Instantiate a `ConflictException` Exception.
     *
     * @example
     * `throw new ConflictException()`
     *
     * @usageNotes
     * The HTTP response status code will be 409.
     * - The `objectOrError` argument defines the JSON response body or the message string.
     * - The `descriptionOrOptions` argument contains either a short description of the HTTP error or an options object used to provide an underlying error cause.
     *
     * By default, the JSON response body contains two properties:
     * - `statusCode`: this will be the value 409.
     * - `message`: the string `&apos;Conflict&apos;` by default; override this by supplying
     * a string in the `objectOrError` parameter.
     *
     * If the parameter `objectOrError` is a string, the response body will contain an
     * additional property, `error`, with a short description of the HTTP error. To override the
     * entire JSON response body, pass an object instead. Nest will serialize the object
     * and return it as the JSON response body.
     *
     * @param objectOrError string or object describing the error condition.
     * @param descriptionOrOptions either a short description of the HTTP error or an options object used to provide an underlying error cause
     */
    constructor(objectOrError, descriptionOrOptions = &apos;Conflict&apos;) {
        const { description, httpExceptionOptions } = http_exception_1.HttpException.extractDescriptionAndOptionsFrom(descriptionOrOptions);
        super(http_exception_1.HttpException.createBody(objectOrError, description, http_status_enum_1.HttpStatus.CONFLICT), http_status_enum_1.HttpStatus.CONFLICT, httpExceptionOptions);
    }
}" time="0.000329125">
        </testcase>
        <testcase classname="test/unit/identity-admin.service.spec.ts" name="IdentityAdminService &gt; IdentityAdminError → HttpException mapping &gt; IDENTITY_VALIDATION_ERROR maps to %p class BadRequestException extends http_exception_1.HttpException {
    /**
     * Instantiate a `BadRequestException` Exception.
     *
     * @example
     * `throw new BadRequestException()`
     *
     * @usageNotes
     * The HTTP response status code will be 400.
     * - The `objectOrError` argument defines the JSON response body or the message string.
     * - The `descriptionOrOptions` argument contains either a short description of the HTTP error or an options object used to provide an underlying error cause.
     *
     * By default, the JSON response body contains two properties:
     * - `statusCode`: this will be the value 400.
     * - `message`: the string `&apos;Bad Request&apos;` by default; override this by supplying
     * a string in the `objectOrError` parameter.
     *
     * If the parameter `objectOrError` is a string, the response body will contain an
     * additional property, `error`, with a short description of the HTTP error. To override the
     * entire JSON response body, pass an object instead. Nest will serialize the object
     * and return it as the JSON response body.
     *
     * @param objectOrError string or object describing the error condition.
     * @param descriptionOrOptions either a short description of the HTTP error or an options object used to provide an underlying error cause
     */
    constructor(objectOrError, descriptionOrOptions = &apos;Bad Request&apos;) {
        const { description, httpExceptionOptions } = http_exception_1.HttpException.extractDescriptionAndOptionsFrom(descriptionOrOptions);
        super(http_exception_1.HttpException.createBody(objectOrError, description, http_status_enum_1.HttpStatus.BAD_REQUEST), http_status_enum_1.HttpStatus.BAD_REQUEST, httpExceptionOptions);
    }
}" time="0.000268208">
        </testcase>
        <testcase classname="test/unit/identity-admin.service.spec.ts" name="IdentityAdminService &gt; IdentityAdminError → HttpException mapping &gt; IDENTITY_RATE_LIMITED maps to %p class ServiceUnavailableException extends http_exception_1.HttpException {
    /**
     * Instantiate a `ServiceUnavailableException` Exception.
     *
     * @example
     * `throw new ServiceUnavailableException()`
     *
     * @usageNotes
     * The HTTP response status code will be 503.
     * - The `objectOrError` argument defines the JSON response body or the message string.
     * - The `descriptionOrOptions` argument contains either a short description of the HTTP error or an options object used to provide an underlying error cause.
     *
     * By default, the JSON response body contains two properties:
     * - `statusCode`: this will be the value 503.
     * - `message`: the string `&apos;Service Unavailable&apos;` by default; override this by supplying
     * a string in the `objectOrError` parameter.
     *
     * If the parameter `objectOrError` is a string, the response body will contain an
     * additional property, `error`, with a short description of the HTTP error. To override the
     * entire JSON response body, pass an object instead. Nest will serialize the object
     * and return it as the JSON response body.
     *
     * @param objectOrError string or object describing the error condition.
     * @param descriptionOrOptions either a short description of the HTTP error or an options object used to provide an underlying error cause
     */
    constructor(objectOrError, descriptionOrOptions = &apos;Service Unavailable&apos;) {
        const { description, httpExceptionOptions } = http_exception_1.HttpException.extractDescriptionAndOptionsFrom(descriptionOrOptions);
        super(http_exception_1.HttpException.createBody(objectOrError, description, http_status_enum_1.HttpStatus.SERVICE_UNAVAILABLE), http_status_enum_1.HttpStatus.SERVICE_UNAVAILABLE, httpExceptionOptions);
    }
}" time="0.000162125">
        </testcase>
        <testcase classname="test/unit/identity-admin.service.spec.ts" name="IdentityAdminService &gt; IdentityAdminError → HttpException mapping &gt; IDENTITY_PROVIDER_ERROR maps to %p class ServiceUnavailableException extends http_exception_1.HttpException {
    /**
     * Instantiate a `ServiceUnavailableException` Exception.
     *
     * @example
     * `throw new ServiceUnavailableException()`
     *
     * @usageNotes
     * The HTTP response status code will be 503.
     * - The `objectOrError` argument defines the JSON response body or the message string.
     * - The `descriptionOrOptions` argument contains either a short description of the HTTP error or an options object used to provide an underlying error cause.
     *
     * By default, the JSON response body contains two properties:
     * - `statusCode`: this will be the value 503.
     * - `message`: the string `&apos;Service Unavailable&apos;` by default; override this by supplying
     * a string in the `objectOrError` parameter.
     *
     * If the parameter `objectOrError` is a string, the response body will contain an
     * additional property, `error`, with a short description of the HTTP error. To override the
     * entire JSON response body, pass an object instead. Nest will serialize the object
     * and return it as the JSON response body.
     *
     * @param objectOrError string or object describing the error condition.
     * @param descriptionOrOptions either a short description of the HTTP error or an options object used to provide an underlying error cause
     */
    constructor(objectOrError, descriptionOrOptions = &apos;Service Unavailable&apos;) {
        const { description, httpExceptionOptions } = http_exception_1.HttpException.extractDescriptionAndOptionsFrom(descriptionOrOptions);
        super(http_exception_1.HttpException.createBody(objectOrError, description, http_status_enum_1.HttpStatus.SERVICE_UNAVAILABLE), http_status_enum_1.HttpStatus.SERVICE_UNAVAILABLE, httpExceptionOptions);
    }
}" time="0.000531625">
        </testcase>
        <testcase classname="test/unit/identity-admin.service.spec.ts" name="IdentityAdminService &gt; IdentityAdminError → HttpException mapping &gt; UNKNOWN_CODE maps to %p class ServiceUnavailableException extends http_exception_1.HttpException {
    /**
     * Instantiate a `ServiceUnavailableException` Exception.
     *
     * @example
     * `throw new ServiceUnavailableException()`
     *
     * @usageNotes
     * The HTTP response status code will be 503.
     * - The `objectOrError` argument defines the JSON response body or the message string.
     * - The `descriptionOrOptions` argument contains either a short description of the HTTP error or an options object used to provide an underlying error cause.
     *
     * By default, the JSON response body contains two properties:
     * - `statusCode`: this will be the value 503.
     * - `message`: the string `&apos;Service Unavailable&apos;` by default; override this by supplying
     * a string in the `objectOrError` parameter.
     *
     * If the parameter `objectOrError` is a string, the response body will contain an
     * additional property, `error`, with a short description of the HTTP error. To override the
     * entire JSON response body, pass an object instead. Nest will serialize the object
     * and return it as the JSON response body.
     *
     * @param objectOrError string or object describing the error condition.
     * @param descriptionOrOptions either a short description of the HTTP error or an options object used to provide an underlying error cause
     */
    constructor(objectOrError, descriptionOrOptions = &apos;Service Unavailable&apos;) {
        const { description, httpExceptionOptions } = http_exception_1.HttpException.extractDescriptionAndOptionsFrom(descriptionOrOptions);
        super(http_exception_1.HttpException.createBody(objectOrError, description, http_status_enum_1.HttpStatus.SERVICE_UNAVAILABLE), http_status_enum_1.HttpStatus.SERVICE_UNAVAILABLE, httpExceptionOptions);
    }
}" time="0.000626125">
        </testcase>
        <testcase classname="test/unit/identity-admin.service.spec.ts" name="IdentityAdminService &gt; passes through non-IdentityAdminError throws unchanged" time="0.106187">
        </testcase>
        <testcase classname="test/unit/identity-admin.service.spec.ts" name="IdentityAdminService &gt; local-sync adapter delegations &gt; throws ServiceUnavailableException when no local-sync adapter is wired" time="0.000802">
        </testcase>
        <testcase classname="test/unit/identity-admin.service.spec.ts" name="IdentityAdminService &gt; local-sync adapter delegations &gt; delegates syncToLocal / syncUser / listGroupsWithMetaByUserId to the local-sync adapter" time="0.000415875">
        </testcase>
    </testsuite>
    <testsuite name="test/unit/integration-facades.spec.ts" timestamp="2026-05-20T03:44:21.989Z" hostname="thiamat-1903.local" tests="30" failures="0" errors="0" skipped="0" time="0.264099042">
        <testcase classname="test/unit/integration-facades.spec.ts" name="PormIdentityAdminFacade &gt; list() expands each item via get() to include groups + attributes" time="0.007949167">
        </testcase>
        <testcase classname="test/unit/integration-facades.spec.ts" name="PormIdentityAdminFacade &gt; list() forwards every supported filter to listUsers" time="0.001249">
        </testcase>
        <testcase classname="test/unit/integration-facades.spec.ts" name="PormIdentityAdminFacade &gt; list() handles items without a username inline" time="0.000694375">
        </testcase>
        <testcase classname="test/unit/integration-facades.spec.ts" name="PormIdentityAdminFacade &gt; describes branch: list() omits optional inline fields and next token when absent" time="0.001264625">
        </testcase>
        <testcase classname="test/unit/integration-facades.spec.ts" name="PormIdentityAdminFacade &gt; get() composes user details + group names" time="0.043790458">
        </testcase>
        <testcase classname="test/unit/integration-facades.spec.ts" name="PormIdentityAdminFacade &gt; describes branch: get() omits optional status and timestamp fields" time="0.000648959">
        </testcase>
        <testcase classname="test/unit/integration-facades.spec.ts" name="PormIdentityAdminFacade &gt; getBySub() resolves username via getUserBySubject then composes" time="0.132427292">
        </testcase>
        <testcase classname="test/unit/integration-facades.spec.ts" name="PormIdentityAdminFacade &gt; update() short-circuits when no updatable attributes are set" time="0.000512916">
        </testcase>
        <testcase classname="test/unit/integration-facades.spec.ts" name="PormIdentityAdminFacade &gt; update() short-circuits when custom is empty" time="0.007176458">
        </testcase>
        <testcase classname="test/unit/integration-facades.spec.ts" name="PormIdentityAdminFacade &gt; update() passes through every present field to updateUser" time="0.010098125">
        </testcase>
        <testcase classname="test/unit/integration-facades.spec.ts" name="PormIdentityAdminFacade &gt; update() treats email as independently updatable" time="0.027594541">
        </testcase>
        <testcase classname="test/unit/integration-facades.spec.ts" name="PormIdentityAdminFacade &gt; update() treats phone as independently updatable" time="0.000247416">
        </testcase>
        <testcase classname="test/unit/integration-facades.spec.ts" name="PormIdentityAdminFacade &gt; update() treats name as independently updatable" time="0.000181208">
        </testcase>
        <testcase classname="test/unit/integration-facades.spec.ts" name="PormIdentityAdminFacade &gt; update() treats given name as independently updatable" time="0.000184791">
        </testcase>
        <testcase classname="test/unit/integration-facades.spec.ts" name="PormIdentityAdminFacade &gt; update() treats family name as independently updatable" time="0.000165375">
        </testcase>
        <testcase classname="test/unit/integration-facades.spec.ts" name="PormIdentityAdminFacade &gt; update() treats custom as independently updatable" time="0.000229167">
        </testcase>
        <testcase classname="test/unit/integration-facades.spec.ts" name="PormIdentityAdminFacade &gt; disable/enable/addToGroup/removeFromGroup/resetPassword/setPassword return their tags" time="0.000391916">
        </testcase>
        <testcase classname="test/unit/integration-facades.spec.ts" name="PormIdentityAdminFacade &gt; verify() short-circuits when neither email nor phone is requested" time="0.000175">
        </testcase>
        <testcase classname="test/unit/integration-facades.spec.ts" name="PormIdentityAdminFacade &gt; verify() delegates when email or phone is requested" time="0.003175875">
        </testcase>
        <testcase classname="test/unit/integration-facades.spec.ts" name="PormIdentityAdminFacade &gt; listGroups / listGroupsWithMetaByUserId / listAllGroups delegate" time="0.005855375">
        </testcase>
        <testcase classname="test/unit/integration-facades.spec.ts" name="PormIdentityAdminFacade &gt; describes branch: listAllGroups omits next token when provider has no token" time="0.000195125">
        </testcase>
        <testcase classname="test/unit/integration-facades.spec.ts" name="PormIdentityAdminFacade &gt; syncToLocal / syncUser delegate" time="0.000292459">
        </testcase>
        <testcase classname="test/unit/integration-facades.spec.ts" name="PecIdentityAdminFacade &gt; list() maps items into PEC summary shape with parsed dates" time="0.000407041">
        </testcase>
        <testcase classname="test/unit/integration-facades.spec.ts" name="PecIdentityAdminFacade &gt; list() emits null email/phone when adapter returns undefined" time="0.000179125">
        </testcase>
        <testcase classname="test/unit/integration-facades.spec.ts" name="PecIdentityAdminFacade &gt; get() maps user detail with parsed dates" time="0.000211791">
        </testcase>
        <testcase classname="test/unit/integration-facades.spec.ts" name="PecIdentityAdminFacade &gt; update() filters undefined fields, calls updateUser, returns mapped detail" time="0.000265583">
        </testcase>
        <testcase classname="test/unit/integration-facades.spec.ts" name="PecIdentityAdminFacade &gt; describes branch: PEC update passes an empty patch when all fields are undefined" time="0.000191958">
        </testcase>
        <testcase classname="test/unit/integration-facades.spec.ts" name="PecIdentityAdminFacade &gt; disable/enable/listGroups/addToGroup/removeFromGroup/verify/resetPassword delegate" time="0.000920375">
        </testcase>
        <testcase classname="test/unit/integration-facades.spec.ts" name="PecIdentityAdminFacade &gt; listAllGroups() maps items + nextToken" time="0.001287583">
        </testcase>
        <testcase classname="test/unit/integration-facades.spec.ts" name="PecIdentityAdminFacade &gt; describes branch: PEC listAllGroups omits next token when absent" time="0.01477975">
        </testcase>
    </testsuite>
    <testsuite name="test/unit/pg-durable-stores.spec.ts" timestamp="2026-05-20T03:44:21.999Z" hostname="thiamat-1903.local" tests="4" failures="0" errors="0" skipped="0" time="0.008509084">
        <testcase classname="test/unit/pg-durable-stores.spec.ts" name="backend durable stores &gt; covers backend PgIdempotencyStore query branches" time="0.004512875">
        </testcase>
        <testcase classname="test/unit/pg-durable-stores.spec.ts" name="backend durable stores &gt; describes branch: PgIdempotencyStore handles sparse rows and array row counts" time="0.000274792">
        </testcase>
        <testcase classname="test/unit/pg-durable-stores.spec.ts" name="backend durable stores &gt; covers backend PgRateLimitStore query branches" time="0.001565708">
        </testcase>
        <testcase classname="test/unit/pg-durable-stores.spec.ts" name="backend durable stores &gt; describes branch: PgRateLimitStore uses default SQL identifiers" time="0.001111166">
        </testcase>
    </testsuite>
    <testsuite name="test/unit/pg-local-sync.adapter.spec.ts" timestamp="2026-05-20T03:44:21.999Z" hostname="thiamat-1903.local" tests="25" failures="0" errors="0" skipped="0" time="0.023228875">
        <testcase classname="test/unit/pg-local-sync.adapter.spec.ts" name="PgIdentityLocalSyncAdapter &gt; syncToLocal skips users without a username or UUID subject" time="0.005191416">
        </testcase>
        <testcase classname="test/unit/pg-local-sync.adapter.spec.ts" name="PgIdentityLocalSyncAdapter &gt; describes branch: syncToLocal skips users whose subject is missing entirely" time="0.001080792">
        </testcase>
        <testcase classname="test/unit/pg-local-sync.adapter.spec.ts" name="PgIdentityLocalSyncAdapter &gt; syncToLocal aggregates group memberships and upserts roles" time="0.00064875">
        </testcase>
        <testcase classname="test/unit/pg-local-sync.adapter.spec.ts" name="PgIdentityLocalSyncAdapter &gt; describes branch: syncToLocal persists optional status when provider supplies it" time="0.002568208">
        </testcase>
        <testcase classname="test/unit/pg-local-sync.adapter.spec.ts" name="PgIdentityLocalSyncAdapter &gt; syncToLocal paginates listUsers + listGroups via nextToken" time="0.000305958">
        </testcase>
        <testcase classname="test/unit/pg-local-sync.adapter.spec.ts" name="PgIdentityLocalSyncAdapter &gt; syncUser throws IDENTITY_VALIDATION_ERROR when sub is not a UUID" time="0.000422667">
        </testcase>
        <testcase classname="test/unit/pg-local-sync.adapter.spec.ts" name="PgIdentityLocalSyncAdapter &gt; syncUser returns the resolved user id" time="0.000380625">
        </testcase>
        <testcase classname="test/unit/pg-local-sync.adapter.spec.ts" name="PgIdentityLocalSyncAdapter &gt; describes branch: syncUser omits optional status and email when absent" time="0.000330292">
        </testcase>
        <testcase classname="test/unit/pg-local-sync.adapter.spec.ts" name="PgIdentityLocalSyncAdapter &gt; listGroupsWithMetaByUserId throws IDENTITY_NOT_FOUND when no username row exists" time="0.000213375">
        </testcase>
        <testcase classname="test/unit/pg-local-sync.adapter.spec.ts" name="PgIdentityLocalSyncAdapter &gt; listGroupsWithMetaByUserId merges adapter groups with isIn flag and meta sort" time="0.000769917">
        </testcase>
        <testcase classname="test/unit/pg-local-sync.adapter.spec.ts" name="PgIdentityLocalSyncAdapter &gt; listGroupsWithMetaByUserId handles missing meta loader (default empty)" time="0.000211792">
        </testcase>
        <testcase classname="test/unit/pg-local-sync.adapter.spec.ts" name="PgIdentityLocalSyncAdapter &gt; falls back to direct run() when db.withTransaction is not present" time="0.000108041">
        </testcase>
        <testcase classname="test/unit/pg-local-sync.adapter.spec.ts" name="PgIdentityLocalSyncAdapter &gt; honors custom roleCodeFromGroupName and roleDescriptionFromGroup" time="0.000229833">
        </testcase>
        <testcase classname="test/unit/pg-local-sync.adapter.spec.ts" name="PgIdentityLocalSyncAdapter &gt; default role descriptions normalize group names when descriptions are blank" time="0.000211125">
        </testcase>
        <testcase classname="test/unit/pg-local-sync.adapter.spec.ts" name="PgIdentityLocalSyncAdapter &gt; honors custom userIdFromDetail override (e.g. external_id strategy)" time="0.000183208">
        </testcase>
        <testcase classname="test/unit/pg-local-sync.adapter.spec.ts" name="PgIdentityLocalSyncAdapter &gt; honors custom displayNameFromDetail override" time="0.00015925">
        </testcase>
        <testcase classname="test/unit/pg-local-sync.adapter.spec.ts" name="PgIdentityLocalSyncAdapter &gt; default display name falls back through name → custom:displayName → email → username" time="0.000203708">
        </testcase>
        <testcase classname="test/unit/pg-local-sync.adapter.spec.ts" name="PgIdentityLocalSyncAdapter &gt; allows default display-name resolution to return undefined when all candidates are blank" time="0.000141">
        </testcase>
        <testcase classname="test/unit/pg-local-sync.adapter.spec.ts" name="PgIdentityLocalSyncAdapter &gt; sorts groups by name when sort order ties or is absent" time="0.007849083">
        </testcase>
        <testcase classname="test/unit/pg-local-sync.adapter.spec.ts" name="PgIdentityLocalSyncAdapter &gt; default role-code strategy strips trailing s from plural group names" time="0.000378708">
        </testcase>
        <testcase classname="test/unit/pg-local-sync.adapter.spec.ts" name="PgIdentityLocalSyncAdapter &gt; describes branch: missing returned role ids skip group and membership counts" time="0.000206291">
        </testcase>
        <testcase classname="test/unit/pg-local-sync.adapter.spec.ts" name="PgIdentityLocalSyncAdapter &gt; rejects UUID-looking subjects only when the full string matches" time="0.000173">
        </testcase>
        <testcase classname="test/unit/pg-local-sync.adapter.spec.ts" name="loadPormRoleMetaRows &gt; queries the PORM enum view + maps rows to IdentityGroupMetaRow" time="0.000125792">
        </testcase>
        <testcase classname="test/unit/pg-local-sync.adapter.spec.ts" name="loadPormRoleMetaRows &gt; honors viewName and roleDomain overrides + falls back to sort_order when order missing" time="0.00009275">
        </testcase>
        <testcase classname="test/unit/pg-local-sync.adapter.spec.ts" name="loadPormRoleMetaRows &gt; describes branch: loadPormRoleMetaRows accepts array results and null sort order" time="0.000069625">
        </testcase>
    </testsuite>
    <testsuite name="test/unit/pg-session-db-context.applier.spec.ts" timestamp="2026-05-20T03:44:22.005Z" hostname="thiamat-1903.local" tests="14" failures="0" errors="0" skipped="0" time="0.0045915">
        <testcase classname="test/unit/pg-session-db-context.applier.spec.ts" name="PgSessionDbContextApplier &gt; issues SET row_security = on by default" time="0.001735291">
        </testcase>
        <testcase classname="test/unit/pg-session-db-context.applier.spec.ts" name="PgSessionDbContextApplier &gt; skips SET row_security when enableRowSecurity=false" time="0.000215709">
        </testcase>
        <testcase classname="test/unit/pg-session-db-context.applier.spec.ts" name="PgSessionDbContextApplier &gt; writes tenantId via set_config to all default tenant setting names" time="0.000504833">
        </testcase>
        <testcase classname="test/unit/pg-session-db-context.applier.spec.ts" name="PgSessionDbContextApplier &gt; writes userId, correlationId, requestId via set_config" time="0.0001735">
        </testcase>
        <testcase classname="test/unit/pg-session-db-context.applier.spec.ts" name="PgSessionDbContextApplier &gt; joins roles and permissions arrays into comma-separated strings" time="0.000157042">
        </testcase>
        <testcase classname="test/unit/pg-session-db-context.applier.spec.ts" name="PgSessionDbContextApplier &gt; clears settings to empty string when value is undefined and clearMissing=true (default)" time="0.0001475">
        </testcase>
        <testcase classname="test/unit/pg-session-db-context.applier.spec.ts" name="PgSessionDbContextApplier &gt; skips set_config for absent values when clearMissing=false" time="0.000111917">
        </testcase>
        <testcase classname="test/unit/pg-session-db-context.applier.spec.ts" name="PgSessionDbContextApplier &gt; honors custom setting name overrides and deduplicates" time="0.000142208">
        </testcase>
        <testcase classname="test/unit/pg-session-db-context.applier.spec.ts" name="PgSessionDbContextApplier &gt; resolves language from extras[&quot;lang&quot;] over defaultLanguage" time="0.000129333">
        </testcase>
        <testcase classname="test/unit/pg-session-db-context.applier.spec.ts" name="PgSessionDbContextApplier &gt; falls back to defaultLanguage when no extras key matches" time="0.000159791">
        </testcase>
        <testcase classname="test/unit/pg-session-db-context.applier.spec.ts" name="PgSessionDbContextApplier &gt; reads orgCnpj from extras[&quot;orgCnpj&quot;] or [&quot;org_cnpj&quot;]" time="0.000107042">
        </testcase>
        <testcase classname="test/unit/pg-session-db-context.applier.spec.ts" name="PgSessionDbContextApplier &gt; honors custom languageExtraKeys ordering" time="0.000095583">
        </testcase>
        <testcase classname="test/unit/pg-session-db-context.applier.spec.ts" name="PgSessionDbContextApplier &gt; skips applying when settings list is empty (zero-length override)" time="0.000134041">
        </testcase>
        <testcase classname="test/unit/pg-session-db-context.applier.spec.ts" name="PgSessionDbContextApplier &gt; coerces non-string scalar values to strings via String()" time="0.0000885">
        </testcase>
    </testsuite>
    <testsuite name="test/unit/pipeline-export.spec.ts" timestamp="2026-05-20T03:44:22.011Z" hostname="thiamat-1903.local" tests="1" failures="0" errors="0" skipped="0" time="0.002995042">
        <testcase classname="test/unit/pipeline-export.spec.ts" name="@stynx/backend exports surface for pipeline &gt; barrel surfaces at least one export" time="0.001580541">
        </testcase>
    </testsuite>
    <testsuite name="test/unit/rate-limit-export.spec.ts" timestamp="2026-05-20T03:44:22.011Z" hostname="thiamat-1903.local" tests="1" failures="0" errors="0" skipped="0" time="0.0012165">
        <testcase classname="test/unit/rate-limit-export.spec.ts" name="@stynx/backend exports surface for rate-limit &gt; barrel surfaces at least one export" time="0.000636167">
        </testcase>
    </testsuite>
    <testsuite name="test/unit/redaction-policy.spec.ts" timestamp="2026-05-20T03:44:22.011Z" hostname="thiamat-1903.local" tests="10" failures="0" errors="0" skipped="0" time="0.004010125">
        <testcase classname="test/unit/redaction-policy.spec.ts" name="PatternAuditMetadataRedactionPolicy &gt; returns undefined when metadata is undefined" time="0.000619417">
        </testcase>
        <testcase classname="test/unit/redaction-policy.spec.ts" name="PatternAuditMetadataRedactionPolicy &gt; returns the value unchanged for trivial scalar values inside objects" time="0.000487584">
        </testcase>
        <testcase classname="test/unit/redaction-policy.spec.ts" name="PatternAuditMetadataRedactionPolicy &gt; redacts values under sensitive keys (default pattern)" time="0.000100875">
        </testcase>
        <testcase classname="test/unit/redaction-policy.spec.ts" name="PatternAuditMetadataRedactionPolicy &gt; honors custom sensitiveKeyPattern + replacement" time="0.000109791">
        </testcase>
        <testcase classname="test/unit/redaction-policy.spec.ts" name="PatternAuditMetadataRedactionPolicy &gt; truncates long strings to maxStringLength with ellipsis" time="0.000075458">
        </testcase>
        <testcase classname="test/unit/redaction-policy.spec.ts" name="PatternAuditMetadataRedactionPolicy &gt; truncates large arrays to maxArrayLength" time="0.000434875">
        </testcase>
        <testcase classname="test/unit/redaction-policy.spec.ts" name="PatternAuditMetadataRedactionPolicy &gt; serializes Date values as ISO strings" time="0.001224792">
        </testcase>
        <testcase classname="test/unit/redaction-policy.spec.ts" name="PatternAuditMetadataRedactionPolicy &gt; emits [MaxDepth] beyond maxDepth" time="0.000089583">
        </testcase>
        <testcase classname="test/unit/redaction-policy.spec.ts" name="PatternAuditMetadataRedactionPolicy &gt; returns undefined when metadata sanitizes to an array (root-level array)" time="0.000069625">
        </testcase>
        <testcase classname="test/unit/redaction-policy.spec.ts" name="PatternAuditMetadataRedactionPolicy &gt; emits [Unsupported] for function/symbol values" time="0.000084083">
        </testcase>
    </testsuite>
    <testsuite name="test/unit/request-db-client-lifecycle.spec.ts" timestamp="2026-05-20T03:44:22.012Z" hostname="thiamat-1903.local" tests="12" failures="0" errors="0" skipped="0" time="0.008576375">
        <testcase classname="test/unit/request-db-client-lifecycle.spec.ts" name="PgTenantDbClientLifecycle &gt; acquire delegates to factory.connectWithTenant with the tenantId" time="0.001752417">
        </testcase>
        <testcase classname="test/unit/request-db-client-lifecycle.spec.ts" name="PgTenantDbClientLifecycle &gt; release calls client.release() by default" time="0.000221084">
        </testcase>
        <testcase classname="test/unit/request-db-client-lifecycle.spec.ts" name="PgTenantDbClientLifecycle &gt; release honors releaseMethodName override (e.g. &quot;close&quot;)" time="0.000151875">
        </testcase>
        <testcase classname="test/unit/request-db-client-lifecycle.spec.ts" name="PgTenantDbClientLifecycle &gt; release is a no-op when the client does not expose the release method" time="0.000328833">
        </testcase>
        <testcase classname="test/unit/request-db-client-lifecycle.spec.ts" name="ResponseEventRequestDbClientLifecycle &gt; acquire delegates straight through" time="0.000202125">
        </testcase>
        <testcase classname="test/unit/request-db-client-lifecycle.spec.ts" name="ResponseEventRequestDbClientLifecycle &gt; release defers to the response finish event when response is open" time="0.001334333">
        </testcase>
        <testcase classname="test/unit/request-db-client-lifecycle.spec.ts" name="ResponseEventRequestDbClientLifecycle &gt; releases immediately when the response is already finished" time="0.000882292">
        </testcase>
        <testcase classname="test/unit/request-db-client-lifecycle.spec.ts" name="ResponseEventRequestDbClientLifecycle &gt; releases immediately when there is no response to listen on" time="0.000144834">
        </testcase>
        <testcase classname="test/unit/request-db-client-lifecycle.spec.ts" name="ResponseEventRequestDbClientLifecycle &gt; does not double-release when both finish and close fire" time="0.000312875">
        </testcase>
        <testcase classname="test/unit/request-db-client-lifecycle.spec.ts" name="ResponseEventRequestDbClientLifecycle &gt; resolves response from request.res when request.response is absent" time="0.001896833">
        </testcase>
        <testcase classname="test/unit/request-db-client-lifecycle.spec.ts" name="ResponseEventRequestDbClientLifecycle &gt; skips the second release call when invoked twice for the same request" time="0.000145">
        </testcase>
        <testcase classname="test/unit/request-db-client-lifecycle.spec.ts" name="ResponseEventRequestDbClientLifecycle &gt; honors custom releaseEvents config" time="0.000342708">
        </testcase>
    </testsuite>
    <testsuite name="test/unit/sla-export.spec.ts" timestamp="2026-05-20T03:44:22.013Z" hostname="thiamat-1903.local" tests="1" failures="0" errors="0" skipped="0" time="0.01442975">
        <testcase classname="test/unit/sla-export.spec.ts" name="@stynx/backend exports surface for sla &gt; barrel surfaces at least one export" time="0.00527175">
        </testcase>
    </testsuite>
    <testsuite name="test/unit/storage-export.spec.ts" timestamp="2026-05-20T03:44:22.013Z" hostname="thiamat-1903.local" tests="1" failures="0" errors="0" skipped="0" time="0.001167209">
        <testcase classname="test/unit/storage-export.spec.ts" name="@stynx/backend exports surface for storage &gt; barrel surfaces at least one export" time="0.000624834">
        </testcase>
    </testsuite>
    <testsuite name="test/unit/tenant-entitlement.spec.ts" timestamp="2026-05-20T03:44:22.013Z" hostname="thiamat-1903.local" tests="18" failures="0" errors="0" skipped="0" time="0.029992125">
        <testcase classname="test/unit/tenant-entitlement.spec.ts" name="ClaimFirstTenantEntitlementPolicy &gt; grants when a string claim contains the tenantId" time="0.009332417">
        </testcase>
        <testcase classname="test/unit/tenant-entitlement.spec.ts" name="ClaimFirstTenantEntitlementPolicy &gt; grants when an array claim contains the tenantId" time="0.000352125">
        </testcase>
        <testcase classname="test/unit/tenant-entitlement.spec.ts" name="ClaimFirstTenantEntitlementPolicy &gt; grants via JSON-array string claim" time="0.000120167">
        </testcase>
        <testcase classname="test/unit/tenant-entitlement.spec.ts" name="ClaimFirstTenantEntitlementPolicy &gt; grants via CSV string claim" time="0.000127417">
        </testcase>
        <testcase classname="test/unit/tenant-entitlement.spec.ts" name="ClaimFirstTenantEntitlementPolicy &gt; denies when a tenant claim is present but does not include the tenantId" time="0.000179333">
        </testcase>
        <testcase classname="test/unit/tenant-entitlement.spec.ts" name="ClaimFirstTenantEntitlementPolicy &gt; denies when no tenant claim exists and no fallback configured" time="0.000122458">
        </testcase>
        <testcase classname="test/unit/tenant-entitlement.spec.ts" name="ClaimFirstTenantEntitlementPolicy &gt; delegates to fallback when no tenant claim and fallback configured" time="0.000747958">
        </testcase>
        <testcase classname="test/unit/tenant-entitlement.spec.ts" name="ClaimFirstTenantEntitlementPolicy &gt; does NOT delegate to fallback when a tenant claim exists but excludes the tenantId" time="0.000225708">
        </testcase>
        <testcase classname="test/unit/tenant-entitlement.spec.ts" name="ClaimFirstTenantEntitlementPolicy &gt; falls back through invalid JSON to CSV parsing" time="0.00047825">
        </testcase>
        <testcase classname="test/unit/tenant-entitlement.spec.ts" name="ClaimFirstTenantEntitlementPolicy &gt; ignores non-string and blank string claims" time="0.000124083">
        </testcase>
        <testcase classname="test/unit/tenant-entitlement.spec.ts" name="ClaimFirstTenantEntitlementPolicy &gt; ignores non-string entries in array claims" time="0.000138417">
        </testcase>
        <testcase classname="test/unit/tenant-entitlement.spec.ts" name="ClaimFirstTenantEntitlementPolicy &gt; honors custom claimKeys list" time="0.000075583">
        </testcase>
        <testcase classname="test/unit/tenant-entitlement.spec.ts" name="SqlTenantEntitlementFallback &gt; returns true when a row matches subject + tenant" time="0.000405959">
        </testcase>
        <testcase classname="test/unit/tenant-entitlement.spec.ts" name="SqlTenantEntitlementFallback &gt; returns false when no rows match" time="0.000115">
        </testcase>
        <testcase classname="test/unit/tenant-entitlement.spec.ts" name="SqlTenantEntitlementFallback &gt; returns false when both subject and email are missing" time="0.00013125">
        </testcase>
        <testcase classname="test/unit/tenant-entitlement.spec.ts" name="SqlTenantEntitlementFallback &gt; omits active predicate when activeColumn is null" time="0.000174125">
        </testcase>
        <testcase classname="test/unit/tenant-entitlement.spec.ts" name="SqlTenantEntitlementFallback &gt; rejects table identifiers that fail the SQL identifier pattern" time="0.000478042">
        </testcase>
        <testcase classname="test/unit/tenant-entitlement.spec.ts" name="SqlTenantEntitlementFallback &gt; handles array-form query result (no .rows wrapper)" time="0.000107167">
        </testcase>
    </testsuite>
    <testsuite name="test/unit/tenant-lifecycle.middleware.spec.ts" timestamp="2026-05-20T03:44:22.017Z" hostname="thiamat-1903.local" tests="13" failures="0" errors="0" skipped="0" time="0.005455583">
        <testcase classname="test/unit/tenant-lifecycle.middleware.spec.ts" name="TenantLifecycleMiddleware &gt; throws BadRequestException when tenant header missing and required" time="0.001632208">
        </testcase>
        <testcase classname="test/unit/tenant-lifecycle.middleware.spec.ts" name="TenantLifecycleMiddleware &gt; allows missing header when requireTenantHeader=false" time="0.000412375">
        </testcase>
        <testcase classname="test/unit/tenant-lifecycle.middleware.spec.ts" name="TenantLifecycleMiddleware &gt; throws when header present but not a UUID and enforceTenantUuid=true" time="0.000163333">
        </testcase>
        <testcase classname="test/unit/tenant-lifecycle.middleware.spec.ts" name="TenantLifecycleMiddleware &gt; accepts a non-UUID header when enforceTenantUuid=false" time="0.000153875">
        </testcase>
        <testcase classname="test/unit/tenant-lifecycle.middleware.spec.ts" name="TenantLifecycleMiddleware &gt; binds request.tenantId from the valid UUID header" time="0.00014025">
        </testcase>
        <testcase classname="test/unit/tenant-lifecycle.middleware.spec.ts" name="TenantLifecycleMiddleware &gt; reads from the array form of the header (takes first element)" time="0.000092958">
        </testcase>
        <testcase classname="test/unit/tenant-lifecycle.middleware.spec.ts" name="TenantLifecycleMiddleware &gt; falls back to the lowercased variant of the configured header name" time="0.00008725">
        </testcase>
        <testcase classname="test/unit/tenant-lifecycle.middleware.spec.ts" name="TenantLifecycleMiddleware &gt; releases the pgClient on response finish" time="0.000218958">
        </testcase>
        <testcase classname="test/unit/tenant-lifecycle.middleware.spec.ts" name="TenantLifecycleMiddleware &gt; does not double-release on finish + close" time="0.000236708">
        </testcase>
        <testcase classname="test/unit/tenant-lifecycle.middleware.spec.ts" name="TenantLifecycleMiddleware &gt; falls back to dbClient when pgClient is absent" time="0.000210875">
        </testcase>
        <testcase classname="test/unit/tenant-lifecycle.middleware.spec.ts" name="TenantLifecycleMiddleware &gt; is a no-op when no client is attached to the request" time="0.000497917">
        </testcase>
        <testcase classname="test/unit/tenant-lifecycle.middleware.spec.ts" name="TenantLifecycleMiddleware &gt; skips release bindings when response is not an EventEmitter" time="0.00009">
        </testcase>
        <testcase classname="test/unit/tenant-lifecycle.middleware.spec.ts" name="TenantLifecycleMiddleware &gt; createTenantLifecycleMiddleware returns a bound function form" time="0.000118125">
        </testcase>
    </testsuite>
</testsuites>
