<?xml version="1.0" encoding="UTF-8" ?>
<testsuites name="vitest tests" tests="58" failures="0" errors="0" time="26.182991251">
    <testsuite name="test/integration/reference-api.runtime.spec.ts" timestamp="2026-05-21T02:13:14.447Z" hostname="thiamat-1903.local" tests="17" failures="0" errors="0" skipped="0" time="19.076539709">
        <testcase classname="test/integration/reference-api.runtime.spec.ts" name="@stynx/reference-api runtime suite &gt; family 1: isolates live and archive rows by tenant across sample tables" time="0.53094275">
        </testcase>
        <testcase classname="test/integration/reference-api.runtime.spec.ts" name="@stynx/reference-api runtime suite &gt; emits the SPEC 11.2 Prometheus metric names" time="0.093455458">
        </testcase>
        <testcase classname="test/integration/reference-api.runtime.spec.ts" name="@stynx/reference-api runtime suite &gt; family 2: denies routes when @Permission grants are missing" time="0.0862965">
        </testcase>
        <testcase classname="test/integration/reference-api.runtime.spec.ts" name="@stynx/reference-api runtime suite &gt; family 3: writes audit rows for audited routes" time="0.117411583">
        </testcase>
        <testcase classname="test/integration/reference-api.runtime.spec.ts" name="@stynx/reference-api runtime suite &gt; flow family: keeps Flow routes behind STYNX auth and permission guards" time="0.127415917">
        </testcase>
        <testcase classname="test/integration/reference-api.runtime.spec.ts" name="@stynx/reference-api runtime suite &gt; flow family: runs design, runtime, forms, tasks, signals, analytics, audit, and idempotency through HTTP" time="0.554810125">
        </testcase>
        <testcase classname="test/integration/reference-api.runtime.spec.ts" name="@stynx/reference-api runtime suite &gt; family 4: enforces collection scope on document download" time="0.233563875">
        </testcase>
        <testcase classname="test/integration/reference-api.runtime.spec.ts" name="@stynx/reference-api runtime suite &gt; family 5: rate-limit blocks repeated high-cost route usage" time="0.1532355">
        </testcase>
        <testcase classname="test/integration/reference-api.runtime.spec.ts" name="@stynx/reference-api runtime suite &gt; family 6: enforces read-only routes against writes" time="0.110888458">
        </testcase>
        <testcase classname="test/integration/reference-api.runtime.spec.ts" name="@stynx/reference-api runtime suite &gt; family 7: replays idempotent record creation without duplicating rows" time="0.140047792">
        </testcase>
        <testcase classname="test/integration/reference-api.runtime.spec.ts" name="@stynx/reference-api runtime suite &gt; family 8: performs a soft-delete round trip through trash and restore" time="0.2017185">
        </testcase>
        <testcase classname="test/integration/reference-api.runtime.spec.ts" name="@stynx/reference-api runtime suite &gt; family 9: rejects hard delete without the hard-delete permission" time="0.607797792">
        </testcase>
        <testcase classname="test/integration/reference-api.runtime.spec.ts" name="@stynx/reference-api runtime suite &gt; family 10: returns 409 on restore conflicts against natural unique keys" time="0.31284775">
        </testcase>
        <testcase classname="test/integration/reference-api.runtime.spec.ts" name="@stynx/reference-api runtime suite &gt; family 11: enforces cascade and block FK annotations" time="0.426422125">
        </testcase>
        <testcase classname="test/integration/reference-api.runtime.spec.ts" name="@stynx/reference-api runtime suite &gt; family 12: keeps archive mirrors in sync for all sample tables" time="0.135637458">
        </testcase>
        <testcase classname="test/integration/reference-api.runtime.spec.ts" name="@stynx/reference-api runtime suite &gt; family 13: demonstrates cascade size behavior within limits and on breach" time="0.427623583">
        </testcase>
        <testcase classname="test/integration/reference-api.runtime.spec.ts" name="@stynx/reference-api runtime suite &gt; supports live stack smoke routes needed for local verification" time="0.101049">
        </testcase>
    </testsuite>
    <testsuite name="test/integration/reference-api.unit-coverage.spec.ts" timestamp="2026-05-21T02:13:14.451Z" hostname="thiamat-1903.local" tests="15" failures="0" errors="0" skipped="0" time="0.362830042">
        <testcase classname="test/integration/reference-api.unit-coverage.spec.ts" name="@stynx/reference-api controller delegation &gt; applies environment-driven rate-limit metadata with fallback parsing" time="0.348358708">
        </testcase>
        <testcase classname="test/integration/reference-api.unit-coverage.spec.ts" name="@stynx/reference-api controller delegation &gt; delegates sample resource controllers to ReferenceSampleService" time="0.003277958">
        </testcase>
        <testcase classname="test/integration/reference-api.unit-coverage.spec.ts" name="@stynx/reference-api controller delegation &gt; delegates dev auth controller operations" time="0.000289333">
        </testcase>
        <testcase classname="test/integration/reference-api.unit-coverage.spec.ts" name="@stynx/reference-api controller delegation &gt; verifies STYNX auth headers and rejects missing bearer tokens" time="0.001344958">
        </testcase>
        <testcase classname="test/integration/reference-api.unit-coverage.spec.ts" name="@stynx/reference-api sample service &gt; passes document operations through to DocumentsService and returns status envelopes" time="0.000357625">
        </testcase>
        <testcase classname="test/integration/reference-api.unit-coverage.spec.ts" name="@stynx/reference-api sample service &gt; creates and updates sample records with defaults and actor context" time="0.002004083">
        </testcase>
        <testcase classname="test/integration/reference-api.unit-coverage.spec.ts" name="@stynx/reference-api sample service &gt; covers delete helpers, missing context errors, and bigint response serialization" time="0.001593333">
        </testcase>
        <testcase classname="test/integration/reference-api.unit-coverage.spec.ts" name="@stynx/reference-api sample service &gt; covers list defaults, clamp boundaries, missing archive rows, and serialization recursion" time="0.001711708">
        </testcase>
        <testcase classname="test/integration/reference-api.unit-coverage.spec.ts" name="@stynx/reference-api dev auth service and probes &gt; logs in through demo tenant setup and primes permission cache when available" time="0.000702583">
        </testcase>
        <testcase classname="test/integration/reference-api.unit-coverage.spec.ts" name="@stynx/reference-api dev auth service and probes &gt; logs in with default tenant/email and tolerates missing optional permission cache" time="0.000333834">
        </testcase>
        <testcase classname="test/integration/reference-api.unit-coverage.spec.ts" name="@stynx/reference-api dev auth service and probes &gt; resolves tenants by explicit id and falls back from unknown slug" time="0.0001005">
        </testcase>
        <testcase classname="test/integration/reference-api.unit-coverage.spec.ts" name="@stynx/reference-api dev auth service and probes &gt; covers direct dev-auth existing membership and missing inserted ids" time="0.000190916">
        </testcase>
        <testcase classname="test/integration/reference-api.unit-coverage.spec.ts" name="@stynx/reference-api dev auth service and probes &gt; rejects blank dev auth email and unavailable providers" time="0.00019825">
        </testcase>
        <testcase classname="test/integration/reference-api.unit-coverage.spec.ts" name="@stynx/reference-api dev auth service and probes &gt; covers probe error and hot-path branches" time="0.001138584">
        </testcase>
        <testcase classname="test/integration/reference-api.unit-coverage.spec.ts" name="@stynx/reference-api dev auth service and probes &gt; throws when the rate limit store provider is unavailable" time="0.000175833">
        </testcase>
    </testsuite>
    <testsuite name="test/integration/reference-app-governance.spec.ts" timestamp="2026-05-21T02:13:14.453Z" hostname="thiamat-1903.local" tests="3" failures="0" errors="0" skipped="0" time="0.005375333">
        <testcase classname="test/integration/reference-app-governance.spec.ts" name="reference app data, RBAC, and route governance artifacts &gt; keeps the authored RBAC inventory aligned with controller permission decorators" time="0.0033595">
        </testcase>
        <testcase classname="test/integration/reference-app-governance.spec.ts" name="reference app data, RBAC, and route governance artifacts &gt; keeps route bindings aligned with Angular permission guards" time="0.0005565">
        </testcase>
        <testcase classname="test/integration/reference-app-governance.spec.ts" name="reference app data, RBAC, and route governance artifacts &gt; documents reference FKs, PII policy, and migration verification hooks" time="0.00086925">
        </testcase>
    </testsuite>
    <testsuite name="test/integration/reference-dev-auth.api-matrix.spec.ts" timestamp="2026-05-21T02:13:14.454Z" hostname="thiamat-1903.local" tests="7" failures="0" errors="0" skipped="0" time="0.1505925">
        <testcase classname="test/integration/reference-dev-auth.api-matrix.spec.ts" name="ReferenceDevAuthController API error matrix &gt; GET /_reference/demo-tenants &gt; returns 200 with the public demo tenant inventory" time="0.03842675">
        </testcase>
        <testcase classname="test/integration/reference-dev-auth.api-matrix.spec.ts" name="ReferenceDevAuthController API error matrix &gt; GET /_reference/demo-tenants &gt; returns 400 when X-Request-Id is malformed" time="0.002996125">
        </testcase>
        <testcase classname="test/integration/reference-dev-auth.api-matrix.spec.ts" name="ReferenceDevAuthController API error matrix &gt; POST /_reference/dev-login &gt; returns 201 with a STYNX session bundle for a valid dev-login request" time="0.010740292">
        </testcase>
        <testcase classname="test/integration/reference-dev-auth.api-matrix.spec.ts" name="ReferenceDevAuthController API error matrix &gt; POST /_reference/dev-login &gt; returns 400 for malformed JSON" time="0.002968166">
        </testcase>
        <testcase classname="test/integration/reference-dev-auth.api-matrix.spec.ts" name="ReferenceDevAuthController API error matrix &gt; POST /_reference/dev-login &gt; returns 401 when the email is blank" time="0.002510958">
        </testcase>
        <testcase classname="test/integration/reference-dev-auth.api-matrix.spec.ts" name="ReferenceDevAuthController API error matrix &gt; GET /_reference/auth-verify &gt; returns 200 and auth timing for a valid STYNX bearer token" time="0.002065917">
        </testcase>
        <testcase classname="test/integration/reference-dev-auth.api-matrix.spec.ts" name="ReferenceDevAuthController API error matrix &gt; GET /_reference/auth-verify &gt; returns 400 when the STYNX bearer token is missing" time="0.002087292">
        </testcase>
    </testsuite>
    <testsuite name="test/integration/reference-dev-auth.gating.spec.ts" timestamp="2026-05-21T02:13:14.455Z" hostname="thiamat-1903.local" tests="3" failures="0" errors="0" skipped="0" time="5.71534825">
        <testcase classname="test/integration/reference-dev-auth.gating.spec.ts" name="reference dev-auth production gate &gt; mounts the reference dev-auth surface outside production" time="5.051635334">
        </testcase>
        <testcase classname="test/integration/reference-dev-auth.gating.spec.ts" name="reference dev-auth production gate &gt; omits dev-login from module assembly when NODE_ENV is production" time="0.311141167">
        </testcase>
        <testcase classname="test/integration/reference-dev-auth.gating.spec.ts" name="reference dev-auth production gate &gt; omits dev-login from module assembly when STYNX_ENVIRONMENT is production" time="0.351767209">
        </testcase>
    </testsuite>
    <testsuite name="test/integration/reference-probes.api-matrix.spec.ts" timestamp="2026-05-21T02:13:14.456Z" hostname="thiamat-1903.local" tests="11" failures="0" errors="0" skipped="0" time="0.866081292">
        <testcase classname="test/integration/reference-probes.api-matrix.spec.ts" name="ReferenceProbesController API error matrix &gt; GET /_probes/data-tx &gt; returns 200 with the data transaction overhead header for a valid STYNX token" time="0.038894375">
        </testcase>
        <testcase classname="test/integration/reference-probes.api-matrix.spec.ts" name="ReferenceProbesController API error matrix &gt; GET /_probes/data-tx &gt; returns 400 when the route-local STYNX bearer token is missing" time="0.003935459">
        </testcase>
        <testcase classname="test/integration/reference-probes.api-matrix.spec.ts" name="ReferenceProbesController API error matrix &gt; POST /_probes/idempotency &gt; returns 201 and persists the idempotency response for a valid key" time="0.0186805">
        </testcase>
        <testcase classname="test/integration/reference-probes.api-matrix.spec.ts" name="ReferenceProbesController API error matrix &gt; POST /_probes/idempotency &gt; returns 400 when the idempotency key is missing" time="0.002622542">
        </testcase>
        <testcase classname="test/integration/reference-probes.api-matrix.spec.ts" name="ReferenceProbesController API error matrix &gt; POST /_probes/idempotency &gt; returns 201 with replay headers when the same key and body are replayed" time="0.012463292">
        </testcase>
        <testcase classname="test/integration/reference-probes.api-matrix.spec.ts" name="ReferenceProbesController API error matrix &gt; POST /_probes/idempotency &gt; returns 422 when the same idempotency key is replayed with a different body" time="0.012101375">
        </testcase>
        <testcase classname="test/integration/reference-probes.api-matrix.spec.ts" name="ReferenceProbesController API error matrix &gt; GET /_probes/ratelimit &gt; returns 200 with rate-limit probe timing headers" time="0.003412125">
        </testcase>
        <testcase classname="test/integration/reference-probes.api-matrix.spec.ts" name="ReferenceProbesController API error matrix &gt; GET /_probes/readonly-write &gt; returns 401 when the protected readonly probe is called without a bearer token" time="0.007304375">
        </testcase>
        <testcase classname="test/integration/reference-probes.api-matrix.spec.ts" name="ReferenceProbesController API error matrix &gt; GET /_probes/readonly-write &gt; returns 403 when the actor lacks sample:probe:read" time="0.03964825">
        </testcase>
        <testcase classname="test/integration/reference-probes.api-matrix.spec.ts" name="ReferenceProbesController API error matrix &gt; GET /_probes/readonly-write &gt; returns 429 after the tenant readonly probe bucket is exhausted" time="0.018693125">
        </testcase>
        <testcase classname="test/integration/reference-probes.api-matrix.spec.ts" name="ReferenceProbesController API error matrix &gt; GET /_probes/readonly-write &gt; returns 500 READONLY_VIOLATION for an authorized readonly write attempt" time="0.003837792">
        </testcase>
    </testsuite>
    <testsuite name="test/integration/sample.schema.spec.ts" timestamp="2026-05-21T02:13:14.457Z" hostname="thiamat-1903.local" tests="2" failures="0" errors="0" skipped="0" time="0.006224125">
        <testcase classname="test/integration/sample.schema.spec.ts" name="@stynx/reference-api schema contract &gt; brands every sample table as soft deletable" time="0.003290875">
        </testcase>
        <testcase classname="test/integration/sample.schema.spec.ts" name="@stynx/reference-api schema contract &gt; keeps the expected sample table names" time="0.000950208">
        </testcase>
    </testsuite>
</testsuites>
