<?xml version="1.0" encoding="UTF-8" ?>
<testsuites name="vitest tests" tests="23" failures="0" errors="0" time="5.726570417">
    <testsuite name="test/integration/auth.api-matrix.spec.ts" timestamp="2026-05-19T15:29:27.909Z" hostname="thiamat-1903.local" tests="16" failures="0" errors="0" skipped="0" time="1.553673667">
        <testcase classname="test/integration/auth.api-matrix.spec.ts" name="StynxAuthController API error matrix &gt; GET /_platform/perms/:sid &gt; returns 200/201 with cached permission state for an existing session" time="0.077386083">
        </testcase>
        <testcase classname="test/integration/auth.api-matrix.spec.ts" name="StynxAuthController API error matrix &gt; GET /_platform/perms/:sid &gt; returns 401 when the STYNX bearer token is missing" time="0.03836775">
        </testcase>
        <testcase classname="test/integration/auth.api-matrix.spec.ts" name="StynxAuthController API error matrix &gt; GET /_platform/perms/:sid &gt; returns 403 when the authenticated actor lacks platform inspect permission" time="0.061488833">
        </testcase>
        <testcase classname="test/integration/auth.api-matrix.spec.ts" name="StynxAuthController API error matrix &gt; POST /_platform/perms/:sid/invalidate &gt; returns 200/201 after invalidating an existing permission cache entry" time="0.0979725">
        </testcase>
        <testcase classname="test/integration/auth.api-matrix.spec.ts" name="StynxAuthController API error matrix &gt; POST /_platform/perms/:sid/invalidate &gt; returns 401 when the STYNX bearer token is missing" time="0.028380292">
        </testcase>
        <testcase classname="test/integration/auth.api-matrix.spec.ts" name="StynxAuthController API error matrix &gt; POST /_platform/perms/:sid/invalidate &gt; returns 403 when the authenticated actor lacks platform invalidate permission" time="0.039010083">
        </testcase>
        <testcase classname="test/integration/auth.api-matrix.spec.ts" name="StynxAuthController API error matrix &gt; POST /sessions &gt; returns 200/201 after exchanging a Cognito token for a STYNX session" time="0.033038334">
        </testcase>
        <testcase classname="test/integration/auth.api-matrix.spec.ts" name="StynxAuthController API error matrix &gt; POST /sessions &gt; returns 400 for malformed JSON" time="0.003084625">
        </testcase>
        <testcase classname="test/integration/auth.api-matrix.spec.ts" name="StynxAuthController API error matrix &gt; POST /sessions &gt; returns 401 when the Cognito token is missing" time="0.003394708">
        </testcase>
        <testcase classname="test/integration/auth.api-matrix.spec.ts" name="StynxAuthController API error matrix &gt; POST /sessions &gt; returns 403 when tenant context is missing" time="0.0023175">
        </testcase>
        <testcase classname="test/integration/auth.api-matrix.spec.ts" name="StynxAuthController API error matrix &gt; POST /sessions/logout &gt; returns 200/201 after revoking the current session" time="0.020779958">
        </testcase>
        <testcase classname="test/integration/auth.api-matrix.spec.ts" name="StynxAuthController API error matrix &gt; POST /sessions/logout &gt; returns 401 when the STYNX bearer token is missing" time="0.001780333">
        </testcase>
        <testcase classname="test/integration/auth.api-matrix.spec.ts" name="StynxAuthController API error matrix &gt; POST /sessions/switch &gt; returns 200/201 after rotating into the requested tenant" time="0.043434125">
        </testcase>
        <testcase classname="test/integration/auth.api-matrix.spec.ts" name="StynxAuthController API error matrix &gt; POST /sessions/switch &gt; returns 400 for malformed JSON" time="0.028165167">
        </testcase>
        <testcase classname="test/integration/auth.api-matrix.spec.ts" name="StynxAuthController API error matrix &gt; POST /sessions/switch &gt; returns 401 when the STYNX bearer token is missing" time="0.003383">
        </testcase>
        <testcase classname="test/integration/auth.api-matrix.spec.ts" name="StynxAuthController API error matrix &gt; POST /sessions/switch &gt; returns 403 when the target tenant is missing" time="0.027978125">
        </testcase>
    </testsuite>
    <testsuite name="test/integration/auth.module.spec.ts" timestamp="2026-05-19T15:29:27.917Z" hostname="thiamat-1903.local" tests="7" failures="0" errors="0" skipped="0" time="4.17289675">
        <testcase classname="test/integration/auth.module.spec.ts" name="StynxAuthModule integration &gt; exchanges a Cognito token for a STYNX session and enforces route permissions" time="0.234921">
        </testcase>
        <testcase classname="test/integration/auth.module.spec.ts" name="StynxAuthModule integration &gt; refreshes permissions through pubsub invalidation within 2 seconds" time="0.083692">
        </testcase>
        <testcase classname="test/integration/auth.module.spec.ts" name="StynxAuthModule integration &gt; detects hash drift when pubsub invalidation is missed" time="1.203935792">
        </testcase>
        <testcase classname="test/integration/auth.module.spec.ts" name="StynxAuthModule integration &gt; maintains generation ordering across concurrent mutations" time="0.292601084">
        </testcase>
        <testcase classname="test/integration/auth.module.spec.ts" name="StynxAuthModule integration &gt; keeps session caches isolated for impersonation-style parallel sessions" time="0.105708541">
        </testcase>
        <testcase classname="test/integration/auth.module.spec.ts" name="StynxAuthModule integration &gt; rotates session state when switching tenants" time="0.133148167">
        </testcase>
        <testcase classname="test/integration/auth.module.spec.ts" name="StynxAuthModule integration &gt; expands wildcard permissions into the concrete cache set" time="0.061000167">
        </testcase>
    </testsuite>
</testsuites>
