<?xml version="1.0" encoding="UTF-8" ?>
<testsuites name="vitest tests" tests="65" failures="0" errors="0" time="0.389445166">
    <testsuite name="test/unit/decorators-and-metrics.spec.ts" timestamp="2026-05-22T04:29:27.365Z" hostname="thiamat-1903.local" tests="2" failures="0" errors="0" skipped="0" time="0.061949208">
        <testcase classname="test/unit/decorators-and-metrics.spec.ts" name="idempotency decorators and metrics &gt; attaches idempotency metadata with default and custom options" time="0.007712042">
        </testcase>
        <testcase classname="test/unit/decorators-and-metrics.spec.ts" name="idempotency decorators and metrics &gt; tracks replay counts in memory" time="0.030333917">
        </testcase>
    </testsuite>
    <testsuite name="test/unit/idempotency.interceptor.spec.ts" timestamp="2026-05-22T04:29:27.369Z" hostname="thiamat-1903.local" tests="50" failures="0" errors="0" skipped="0" time="0.307713292">
        <testcase classname="test/unit/idempotency.interceptor.spec.ts" name="IdempotencyInterceptor &gt; rejects annotated routes without the configured header" time="0.010155">
        </testcase>
        <testcase classname="test/unit/idempotency.interceptor.spec.ts" name="IdempotencyInterceptor &gt; uses the default header name and rejects blank header values" time="0.034445834">
        </testcase>
        <testcase classname="test/unit/idempotency.interceptor.spec.ts" name="IdempotencyInterceptor &gt; bypasses non-annotated routes" time="0.000361667">
        </testcase>
        <testcase classname="test/unit/idempotency.interceptor.spec.ts" name="IdempotencyInterceptor &gt; bypasses routes explicitly marked as non-idempotent" time="0.000242083">
        </testcase>
        <testcase classname="test/unit/idempotency.interceptor.spec.ts" name="IdempotencyInterceptor &gt; replays cached responses for the same key and payload" time="0.006269625">
        </testcase>
        <testcase classname="test/unit/idempotency.interceptor.spec.ts" name="IdempotencyInterceptor &gt; replays backend entries with the default status code" time="0.004193917">
        </testcase>
        <testcase classname="test/unit/idempotency.interceptor.spec.ts" name="IdempotencyInterceptor &gt; accepts canonical lower-case array headers and user principal fallbacks" time="0.024557583">
        </testcase>
        <testcase classname="test/unit/idempotency.interceptor.spec.ts" name="IdempotencyInterceptor &gt; continues without durable ownership when no backend is configured and strict mode is off" time="0.02218025">
        </testcase>
        <testcase classname="test/unit/idempotency.interceptor.spec.ts" name="IdempotencyInterceptor &gt; falls through pending backend and durable entries before executing the request" time="0.007800417">
        </testcase>
        <testcase classname="test/unit/idempotency.interceptor.spec.ts" name="IdempotencyInterceptor &gt; returns 422 when the same key is reused with a different body" time="0.003711709">
        </testcase>
        <testcase classname="test/unit/idempotency.interceptor.spec.ts" name="IdempotencyInterceptor &gt; uses the durable store when configured" time="0.000405666">
        </testcase>
        <testcase classname="test/unit/idempotency.interceptor.spec.ts" name="IdempotencyInterceptor &gt; does not persist 5xx responses and allows retry" time="0.006857417">
        </testcase>
        <testcase classname="test/unit/idempotency.interceptor.spec.ts" name="IdempotencyInterceptor &gt; throws service unavailable when lock cannot be obtained in strict mode" time="0.0040885">
        </testcase>
        <testcase classname="test/unit/idempotency.interceptor.spec.ts" name="IdempotencyInterceptor &gt; waits for a completed backend entry when lock ownership is already held" time="0.000518167">
        </testcase>
        <testcase classname="test/unit/idempotency.interceptor.spec.ts" name="IdempotencyInterceptor &gt; records metrics when waiting returns a completed backend entry" time="0.004001209">
        </testcase>
        <testcase classname="test/unit/idempotency.interceptor.spec.ts" name="IdempotencyInterceptor &gt; waits for a completed durable entry and applies default replay headers" time="0.000366">
        </testcase>
        <testcase classname="test/unit/idempotency.interceptor.spec.ts" name="IdempotencyInterceptor &gt; records metrics when replaying a completed durable entry" time="0.0008915">
        </testcase>
        <testcase classname="test/unit/idempotency.interceptor.spec.ts" name="IdempotencyInterceptor &gt; continues waiting over pending durable entries until a completed one is ready" time="0.003832584">
        </testcase>
        <testcase classname="test/unit/idempotency.interceptor.spec.ts" name="IdempotencyInterceptor &gt; continues past pending backend entries while waiting for ownership" time="0.002787167">
        </testcase>
        <testcase classname="test/unit/idempotency.interceptor.spec.ts" name="IdempotencyInterceptor &gt; executes the request after wait attempts are exhausted in non-strict mode" time="0.002038">
        </testcase>
        <testcase classname="test/unit/idempotency.interceptor.spec.ts" name="IdempotencyInterceptor &gt; fails strict mode when durable reservation is refused and releases the lock" time="0.000643584">
        </testcase>
        <testcase classname="test/unit/idempotency.interceptor.spec.ts" name="IdempotencyInterceptor &gt; persists 4xx HTTP exception responses for replay" time="0.000666625">
        </testcase>
        <testcase classname="test/unit/idempotency.interceptor.spec.ts" name="IdempotencyInterceptor &gt; persists 4xx HTTP exception responses to the durable store" time="0.000584792">
        </testcase>
        <testcase classname="test/unit/idempotency.interceptor.spec.ts" name="IdempotencyInterceptor &gt; does not persist 5xx HTTP exception responses (allows retry)" time="0.06851475">
        </testcase>
        <testcase classname="test/unit/idempotency.interceptor.spec.ts" name="IdempotencyInterceptor &gt; clears durable reservations for normal 5xx responses and non-HTTP errors" time="0.011350292">
        </testcase>
        <testcase classname="test/unit/idempotency.interceptor.spec.ts" name="IdempotencyInterceptor &gt; releases the lock when the handler throws synchronously" time="0.001505042">
        </testcase>
        <testcase classname="test/unit/idempotency.interceptor.spec.ts" name="IdempotencyInterceptor &gt; does not release a backend lock that was never acquired after a handler failure" time="0.008667334">
        </testcase>
        <testcase classname="test/unit/idempotency.interceptor.spec.ts" name="IdempotencyInterceptor &gt; clears durable reservations after a handler failure without a backend" time="0.000334">
        </testcase>
        <testcase classname="test/unit/idempotency.interceptor.spec.ts" name="IdempotencyInterceptor &gt; replays cached responses from the durable store after a backend miss" time="0.016788167">
        </testcase>
        <testcase classname="test/unit/idempotency.interceptor.spec.ts" name="IdempotencyInterceptor &gt; expiresAt arithmetic (kills ArithmeticOperator at L304, L325) &gt; persists expiresAt = Date.now() + ttlMs on a successful response" time="0.007393625">
        </testcase>
        <testcase classname="test/unit/idempotency.interceptor.spec.ts" name="IdempotencyInterceptor &gt; expiresAt arithmetic (kills ArithmeticOperator at L304, L325) &gt; persists expiresAt = Date.now() + ttlMs on a 4xx HttpException error path" time="0.009833083">
        </testcase>
        <testcase classname="test/unit/idempotency.interceptor.spec.ts" name="IdempotencyInterceptor &gt; expiresAt arithmetic (kills ArithmeticOperator at L304, L325) &gt; defaults ttlMs to 86_400_000 ms (24 * 60 * 60 * 1000) when omitted" time="0.008390791">
        </testcase>
        <testcase classname="test/unit/idempotency.interceptor.spec.ts" name="IdempotencyInterceptor &gt; status-code boundary (kills EqualityOperator at L307) &gt; on 200, persists to durable AND sets backend" time="0.004584917">
        </testcase>
        <testcase classname="test/unit/idempotency.interceptor.spec.ts" name="IdempotencyInterceptor &gt; status-code boundary (kills EqualityOperator at L307) &gt; on statusCode === 500 boundary, clears reservation and does NOT persist (kills `&lt; 500` → `&lt;= 500`)" time="0.010228917">
        </testcase>
        <testcase classname="test/unit/idempotency.interceptor.spec.ts" name="IdempotencyInterceptor &gt; header value rejection (kills ConditionalExpression at L147) &gt; rejects empty-string Idempotency-Key as missing" time="0.000225792">
        </testcase>
        <testcase classname="test/unit/idempotency.interceptor.spec.ts" name="IdempotencyInterceptor &gt; header value rejection (kills ConditionalExpression at L147) &gt; rejects whitespace-only Idempotency-Key after trim" time="0.000106458">
        </testcase>
        <testcase classname="test/unit/idempotency.interceptor.spec.ts" name="IdempotencyInterceptor &gt; header value rejection (kills ConditionalExpression at L147) &gt; BadRequest message names the header (kills StringLiteral on L129)" time="0.000154333">
        </testcase>
        <testcase classname="test/unit/idempotency.interceptor.spec.ts" name="IdempotencyInterceptor &gt; user-id precedence (kills LogicalOperator at L78) &gt; uses principal.id when present (precedence: principal &gt; actor &gt; user)" time="0.000222333">
        </testcase>
        <testcase classname="test/unit/idempotency.interceptor.spec.ts" name="IdempotencyInterceptor &gt; user-id precedence (kills LogicalOperator at L78) &gt; falls through to actor.id when principal is absent" time="0.000144334">
        </testcase>
        <testcase classname="test/unit/idempotency.interceptor.spec.ts" name="IdempotencyInterceptor &gt; user-id precedence (kills LogicalOperator at L78) &gt; falls through to user.id when both principal and actor are absent" time="0.000144875">
        </testcase>
        <testcase classname="test/unit/idempotency.interceptor.spec.ts" name="IdempotencyInterceptor &gt; method + path normalization (kills MethodExpression at L74, StringLiterals at L84-85) &gt; normalizes lowercase method to uppercase (kills toLowerCase mutation)" time="0.000207834">
        </testcase>
        <testcase classname="test/unit/idempotency.interceptor.spec.ts" name="IdempotencyInterceptor &gt; method + path normalization (kills MethodExpression at L74, StringLiterals at L84-85) &gt; strips query string from the route key (kills StringLiteral on &quot;?&quot;)" time="0.000358042">
        </testcase>
        <testcase classname="test/unit/idempotency.interceptor.spec.ts" name="IdempotencyInterceptor &gt; method + path normalization (kills MethodExpression at L74, StringLiterals at L84-85) &gt; prefers originalUrl over url" time="0.000166917">
        </testcase>
        <testcase classname="test/unit/idempotency.interceptor.spec.ts" name="IdempotencyInterceptor &gt; method + path normalization (kills MethodExpression at L74, StringLiterals at L84-85) &gt; defaults to empty path when both originalUrl and url are absent" time="0.000298667">
        </testcase>
        <testcase classname="test/unit/idempotency.interceptor.spec.ts" name="IdempotencyInterceptor &gt; method + path normalization (kills MethodExpression at L74, StringLiterals at L84-85) &gt; defaults to empty method when method is not a string" time="0.00011775">
        </testcase>
        <testcase classname="test/unit/idempotency.interceptor.spec.ts" name="IdempotencyInterceptor &gt; stableStringify determinism (kills StringLiteral/BlockStatement at L158-172) &gt; produces identical fingerprint for reversed object key order" time="0.000234375">
        </testcase>
        <testcase classname="test/unit/idempotency.interceptor.spec.ts" name="IdempotencyInterceptor &gt; stableStringify determinism (kills StringLiteral/BlockStatement at L158-172) &gt; produces DIFFERENT fingerprints for array element order swaps (array order matters)" time="0.000285125">
        </testcase>
        <testcase classname="test/unit/idempotency.interceptor.spec.ts" name="IdempotencyInterceptor &gt; stableStringify determinism (kills StringLiteral/BlockStatement at L158-172) &gt; treats null and undefined as equivalent (&quot;null&quot;)" time="0.000177125">
        </testcase>
        <testcase classname="test/unit/idempotency.interceptor.spec.ts" name="IdempotencyInterceptor &gt; replay headers (kills StringLiteral survivors on header names + values at L218) &gt; on cache replay emits X-Stynx-Idempotency-Lookup-Ms + X-Idempotency-Key + Idempotency-Replayed=true" time="0.000411791">
        </testcase>
        <testcase classname="test/unit/idempotency.interceptor.spec.ts" name="IdempotencyInterceptor &gt; captureReplayableHeaders (kills BlockStatement at L374-375) &gt; copies the response headers object verbatim into the stored entry (subset assertion since interceptor itself adds timing header)" time="0.0002305">
        </testcase>
    </testsuite>
    <testsuite name="test/unit/pg-idempotency.store.spec.ts" timestamp="2026-05-22T04:29:27.397Z" hostname="thiamat-1903.local" tests="5" failures="0" errors="0" skipped="0" time="0.008825166">
        <testcase classname="test/unit/pg-idempotency.store.spec.ts" name="PgIdempotencyStore &gt; validates configured SQL identifiers" time="0.003967958">
        </testcase>
        <testcase classname="test/unit/pg-idempotency.store.spec.ts" name="PgIdempotencyStore &gt; returns null or false for tenantless contexts without querying" time="0.00080025">
        </testcase>
        <testcase classname="test/unit/pg-idempotency.store.spec.ts" name="PgIdempotencyStore &gt; maps lookup rows for pending, completed, empty, and array result shapes" time="0.001296167">
        </testcase>
        <testcase classname="test/unit/pg-idempotency.store.spec.ts" name="PgIdempotencyStore &gt; reserves, persists, and clears rows with expected parameters" time="0.000611958">
        </testcase>
        <testcase classname="test/unit/pg-idempotency.store.spec.ts" name="PgIdempotencyStore &gt; persists defined bodies and maps alternate executor result shapes" time="0.001054875">
        </testcase>
    </testsuite>
    <testsuite name="test/unit/runtime-stores.spec.ts" timestamp="2026-05-22T04:29:27.404Z" hostname="thiamat-1903.local" tests="8" failures="0" errors="0" skipped="0" time="0.0109575">
        <testcase classname="test/unit/runtime-stores.spec.ts" name="DatabaseIdempotencyStore &gt; returns null/false/noop without a configured database" time="0.001694791">
        </testcase>
        <testcase classname="test/unit/runtime-stores.spec.ts" name="DatabaseIdempotencyStore &gt; maps lookup rows and fallback expiry values inside system transactions" time="0.0022845">
        </testcase>
        <testcase classname="test/unit/runtime-stores.spec.ts" name="DatabaseIdempotencyStore &gt; maps null durable row fields and default expiry fallbacks" time="0.000907583">
        </testcase>
        <testcase classname="test/unit/runtime-stores.spec.ts" name="DatabaseIdempotencyStore &gt; reserves, persists bigint-safe responses, and clears reservations" time="0.001033834">
        </testcase>
        <testcase classname="test/unit/runtime-stores.spec.ts" name="DatabaseIdempotencyStore &gt; returns false for skipped durable writes and uses null tenant parameters" time="0.000664875">
        </testcase>
        <testcase classname="test/unit/runtime-stores.spec.ts" name="RedisIdempotencyBackend &gt; is inert without redis options" time="0.001916833">
        </testcase>
        <testcase classname="test/unit/runtime-stores.spec.ts" name="RedisIdempotencyBackend &gt; stores entries, manages locks, and closes open redis clients" time="0.00092575">
        </testcase>
        <testcase classname="test/unit/runtime-stores.spec.ts" name="RedisIdempotencyBackend &gt; returns null cache misses and uses the default redis prefix" time="0.000762208">
        </testcase>
    </testsuite>
</testsuites>
